{"/home/travis/build/npmtest/node-npmtest-treeize/test.js":{"path":"/home/travis/build/npmtest/node-npmtest-treeize/test.js","s":{"1":2,"2":2,"3":2,"4":2,"5":2,"6":2,"7":2,"8":1,"9":2,"10":2,"11":1,"12":1,"13":1,"14":1,"15":2,"16":2,"17":2,"18":2,"19":1,"20":1,"21":2,"22":2,"23":2,"24":1,"25":1,"26":1,"27":1,"28":1,"29":1,"30":1,"31":1,"32":1,"33":1,"34":1,"35":1,"36":1,"37":1,"38":1,"39":2,"40":2,"41":1,"42":2,"43":2,"44":1,"45":2,"46":2,"47":1,"48":2,"49":2,"50":1,"51":1,"52":1,"53":1,"54":1},"b":{"1":[2,1,1,1],"2":[1,1,1,1],"3":[1,1],"4":[1,1],"5":[1,1],"6":[1,1],"7":[1,1],"8":[1,1],"9":[1,1],"10":[1,1,1],"11":[1,1],"12":[1,1],"13":[1,1],"14":[1,1],"15":[1,1],"16":[1,1],"17":[1,1]},"f":{"1":2,"2":2,"3":2,"4":2,"5":2,"6":1,"7":1,"8":1,"9":2,"10":2,"11":2,"12":2,"13":1},"fnMap":{"1":{"name":"(anonymous_1)","line":12,"loc":{"start":{"line":12,"column":1},"end":{"line":12,"column":13}}},"2":{"name":"(anonymous_2)","line":19,"loc":{"start":{"line":19,"column":5},"end":{"line":19,"column":17}}},"3":{"name":"(anonymous_3)","line":23,"loc":{"start":{"line":23,"column":24},"end":{"line":23,"column":36}}},"4":{"name":"(anonymous_4)","line":61,"loc":{"start":{"line":61,"column":5},"end":{"line":61,"column":17}}},"5":{"name":"(anonymous_5)","line":82,"loc":{"start":{"line":82,"column":5},"end":{"line":82,"column":17}}},"6":{"name":"(anonymous_6)","line":91,"loc":{"start":{"line":91,"column":77},"end":{"line":94,"column":10}}},"7":{"name":"(anonymous_7)","line":112,"loc":{"start":{"line":112,"column":83},"end":{"line":115,"column":10}},"skip":true},"8":{"name":"(anonymous_8)","line":123,"loc":{"start":{"line":123,"column":77},"end":{"line":126,"column":10}},"skip":true},"9":{"name":"(anonymous_9)","line":139,"loc":{"start":{"line":139,"column":12},"end":{"line":139,"column":40}},"skip":true},"10":{"name":"(anonymous_10)","line":147,"loc":{"start":{"line":147,"column":77},"end":{"line":150,"column":10}},"skip":true},"11":{"name":"(anonymous_11)","line":158,"loc":{"start":{"line":158,"column":83},"end":{"line":161,"column":10}},"skip":true},"12":{"name":"(anonymous_12)","line":169,"loc":{"start":{"line":169,"column":79},"end":{"line":172,"column":10}},"skip":true},"13":{"name":"(anonymous_13)","line":180,"loc":{"start":{"line":180,"column":75},"end":{"line":183,"column":10}},"skip":true}},"statementMap":{"1":{"start":{"line":12,"column":0},"end":{"line":195,"column":5}},"2":{"start":{"line":14,"column":4},"end":{"line":14,"column":14}},"3":{"start":{"line":19,"column":4},"end":{"line":56,"column":9}},"4":{"start":{"line":21,"column":8},"end":{"line":21,"column":19}},"5":{"start":{"line":23,"column":8},"end":{"line":35,"column":13}},"6":{"start":{"line":24,"column":12},"end":{"line":34,"column":13}},"7":{"start":{"line":25,"column":16},"end":{"line":28,"column":30}},"8":{"start":{"line":30,"column":16},"end":{"line":33,"column":27}},"9":{"start":{"line":37,"column":8},"end":{"line":39,"column":21}},"10":{"start":{"line":40,"column":8},"end":{"line":53,"column":9}},"11":{"start":{"line":43,"column":12},"end":{"line":46,"column":14}},"12":{"start":{"line":47,"column":12},"end":{"line":47,"column":18}},"13":{"start":{"line":50,"column":12},"end":{"line":51,"column":33}},"14":{"start":{"line":52,"column":12},"end":{"line":52,"column":18}},"15":{"start":{"line":55,"column":8},"end":{"line":55,"column":35}},"16":{"start":{"line":61,"column":4},"end":{"line":63,"column":9}},"17":{"start":{"line":62,"column":8},"end":{"line":62,"column":15}},"18":{"start":{"line":64,"column":4},"end":{"line":77,"column":5}},"19":{"start":{"line":70,"column":8},"end":{"line":70,"column":14}},"20":{"start":{"line":76,"column":8},"end":{"line":76,"column":14}},"21":{"start":{"line":82,"column":4},"end":{"line":84,"column":9}},"22":{"start":{"line":83,"column":8},"end":{"line":83,"column":15}},"23":{"start":{"line":85,"column":4},"end":{"line":194,"column":5}},"24":{"start":{"line":91,"column":8},"end":{"line":99,"column":10}},"25":{"start":{"line":98,"column":12},"end":{"line":98,"column":35}},"26":{"start":{"line":102,"column":8},"end":{"line":104,"column":63}},"27":{"start":{"line":105,"column":8},"end":{"line":105,"column":14}},"28":{"start":{"line":112,"column":8},"end":{"line":121,"column":10},"skip":true},"29":{"start":{"line":119,"column":12},"end":{"line":119,"column":55},"skip":true},"30":{"start":{"line":120,"column":12},"end":{"line":120,"column":48},"skip":true},"31":{"start":{"line":123,"column":8},"end":{"line":136,"column":10},"skip":true},"32":{"start":{"line":130,"column":12},"end":{"line":130,"column":76},"skip":true},"33":{"start":{"line":131,"column":12},"end":{"line":131,"column":73},"skip":true},"34":{"start":{"line":132,"column":12},"end":{"line":132,"column":74},"skip":true},"35":{"start":{"line":133,"column":12},"end":{"line":133,"column":79},"skip":true},"36":{"start":{"line":134,"column":12},"end":{"line":134,"column":25},"skip":true},"37":{"start":{"line":135,"column":12},"end":{"line":135,"column":45},"skip":true},"38":{"start":{"line":138,"column":8},"end":{"line":145,"column":14},"skip":true},"39":{"start":{"line":143,"column":16},"end":{"line":143,"column":29},"skip":true},"40":{"start":{"line":144,"column":16},"end":{"line":144,"column":55},"skip":true},"41":{"start":{"line":147,"column":8},"end":{"line":156,"column":10},"skip":true},"42":{"start":{"line":154,"column":12},"end":{"line":154,"column":25},"skip":true},"43":{"start":{"line":155,"column":12},"end":{"line":155,"column":45},"skip":true},"44":{"start":{"line":158,"column":8},"end":{"line":167,"column":10},"skip":true},"45":{"start":{"line":165,"column":12},"end":{"line":165,"column":25},"skip":true},"46":{"start":{"line":166,"column":12},"end":{"line":166,"column":48},"skip":true},"47":{"start":{"line":169,"column":8},"end":{"line":178,"column":10},"skip":true},"48":{"start":{"line":176,"column":12},"end":{"line":176,"column":25},"skip":true},"49":{"start":{"line":177,"column":12},"end":{"line":177,"column":46},"skip":true},"50":{"start":{"line":180,"column":8},"end":{"line":189,"column":10},"skip":true},"51":{"start":{"line":187,"column":12},"end":{"line":187,"column":94},"skip":true},"52":{"start":{"line":188,"column":12},"end":{"line":188,"column":48},"skip":true},"53":{"start":{"line":192,"column":8},"end":{"line":192,"column":35},"skip":true},"54":{"start":{"line":193,"column":8},"end":{"line":193,"column":14},"skip":true}},"branchMap":{"1":{"line":25,"type":"binary-expr","locations":[{"start":{"line":25,"column":23},"end":{"line":25,"column":62}},{"start":{"line":26,"column":20},"end":{"line":26,"column":70}},{"start":{"line":27,"column":20},"end":{"line":27,"column":71}},{"start":{"line":28,"column":20},"end":{"line":28,"column":29}}]},"2":{"line":30,"type":"binary-expr","locations":[{"start":{"line":30,"column":23},"end":{"line":30,"column":37}},{"start":{"line":31,"column":20},"end":{"line":31,"column":61}},{"start":{"line":32,"column":20},"end":{"line":32,"column":70}},{"start":{"line":33,"column":20},"end":{"line":33,"column":26}}]},"3":{"line":37,"type":"cond-expr","locations":[{"start":{"line":38,"column":14},"end":{"line":38,"column":20}},{"start":{"line":39,"column":14},"end":{"line":39,"column":20}}]},"4":{"line":40,"type":"switch","locations":[{"start":{"line":42,"column":8},"end":{"line":47,"column":18}},{"start":{"line":49,"column":8},"end":{"line":52,"column":18}}]},"5":{"line":44,"type":"binary-expr","locations":[{"start":{"line":44,"column":16},"end":{"line":44,"column":44}},{"start":{"line":44,"column":48},"end":{"line":44,"column":66}}]},"6":{"line":50,"type":"binary-expr","locations":[{"start":{"line":50,"column":21},"end":{"line":50,"column":49}},{"start":{"line":50,"column":53},"end":{"line":50,"column":72}}]},"7":{"line":64,"type":"switch","locations":[{"start":{"line":69,"column":4},"end":{"line":70,"column":14}},{"start":{"line":75,"column":4},"end":{"line":76,"column":14}}]},"8":{"line":85,"type":"switch","locations":[{"start":{"line":90,"column":4},"end":{"line":105,"column":14}},{"start":{"line":111,"column":4},"end":{"line":193,"column":14},"skip":true}]},"9":{"line":91,"type":"binary-expr","locations":[{"start":{"line":91,"column":42},"end":{"line":91,"column":73}},{"start":{"line":91,"column":77},"end":{"line":99,"column":9}}]},"10":{"line":102,"type":"binary-expr","locations":[{"start":{"line":102,"column":18},"end":{"line":102,"column":32}},{"start":{"line":103,"column":12},"end":{"line":103,"column":53}},{"start":{"line":104,"column":12},"end":{"line":104,"column":61}}]},"11":{"line":112,"type":"binary-expr","locations":[{"start":{"line":112,"column":45},"end":{"line":112,"column":79},"skip":true},{"start":{"line":112,"column":83},"end":{"line":121,"column":9},"skip":true}]},"12":{"line":123,"type":"binary-expr","locations":[{"start":{"line":123,"column":42},"end":{"line":123,"column":73},"skip":true},{"start":{"line":123,"column":77},"end":{"line":136,"column":9},"skip":true}]},"13":{"line":138,"type":"binary-expr","locations":[{"start":{"line":138,"column":48},"end":{"line":138,"column":85},"skip":true},{"start":{"line":139,"column":12},"end":{"line":145,"column":13},"skip":true}]},"14":{"line":147,"type":"binary-expr","locations":[{"start":{"line":147,"column":42},"end":{"line":147,"column":73},"skip":true},{"start":{"line":147,"column":77},"end":{"line":156,"column":9},"skip":true}]},"15":{"line":158,"type":"binary-expr","locations":[{"start":{"line":158,"column":45},"end":{"line":158,"column":79},"skip":true},{"start":{"line":158,"column":83},"end":{"line":167,"column":9},"skip":true}]},"16":{"line":169,"type":"binary-expr","locations":[{"start":{"line":169,"column":43},"end":{"line":169,"column":75},"skip":true},{"start":{"line":169,"column":79},"end":{"line":178,"column":9},"skip":true}]},"17":{"line":180,"type":"binary-expr","locations":[{"start":{"line":180,"column":41},"end":{"line":180,"column":71},"skip":true},{"start":{"line":180,"column":75},"end":{"line":189,"column":9},"skip":true}]}},"code":["/* istanbul instrument in package npmtest_treeize */","/*jslint","    bitwise: true,","    browser: true,","    maxerr: 8,","    maxlen: 96,","    node: true,","    nomen: true,","    regexp: true,","    stupid: true","*/","(function () {","    'use strict';","    var local;","","","","    // run shared js-env code - init-before","    (function () {","        // init local","        local = {};","        // init modeJs","        local.modeJs = (function () {","            try {","                return typeof navigator.userAgent === 'string' &&","                    typeof document.querySelector('body') === 'object' &&","                    typeof XMLHttpRequest.prototype.open === 'function' &&","                    'browser';","            } catch (errorCaughtBrowser) {","                return module.exports &&","                    typeof process.versions.node === 'string' &&","                    typeof require('http').createServer === 'function' &&","                    'node';","            }","        }());","        // init global","        local.global = local.modeJs === 'browser'","            ? window","            : global;","        switch (local.modeJs) {","        // re-init local from window.local","        case 'browser':","            local = local.global.utility2.objectSetDefault(","                local.global.utility2_rollup || local.global.local,","                local.global.utility2","            );","            break;","        // re-init local from example.js","        case 'node':","            local = (local.global.utility2_rollup || require('utility2'))","                .requireReadme();","            break;","        }","        // export local","        local.global.local = local;","    }());","","","","    // run shared js-env code - function","    (function () {","        return;","    }());","    switch (local.modeJs) {","","","","    // run browser js-env code - function","    case 'browser':","        break;","","","","    // run node js-env code - function","    case 'node':","        break;","    }","","","","    // run shared js-env code - init-after","    (function () {","        return;","    }());","    switch (local.modeJs) {","","","","    // run browser js-env code - init-after","    case 'browser':","        local.testCase_browser_nullCase = local.testCase_browser_nullCase || function (","            options,","            onError","        ) {","        /*","         * this function will test browsers's null-case handling-behavior-behavior","         */","            onError(null, options);","        };","","        // run tests","        local.nop(local.modeTest &&","            document.querySelector('#testRunButton1') &&","            document.querySelector('#testRunButton1').click());","        break;","","","","    // run node js-env code - init-after","    /* istanbul ignore next */","    case 'node':","        local.testCase_buildApidoc_default = local.testCase_buildApidoc_default || function (","            options,","            onError","        ) {","        /*","         * this function will test buildApidoc's default handling-behavior-behavior","         */","            options = { modulePathList: module.paths };","            local.buildApidoc(options, onError);","        };","","        local.testCase_buildApp_default = local.testCase_buildApp_default || function (","            options,","            onError","        ) {","        /*","         * this function will test buildApp's default handling-behavior-behavior","         */","            local.testCase_buildReadme_default(options, local.onErrorThrow);","            local.testCase_buildLib_default(options, local.onErrorThrow);","            local.testCase_buildTest_default(options, local.onErrorThrow);","            local.testCase_buildCustomOrg_default(options, local.onErrorThrow);","            options = [];","            local.buildApp(options, onError);","        };","","        local.testCase_buildCustomOrg_default = local.testCase_buildCustomOrg_default ||","            function (options, onError) {","            /*","             * this function will test buildCustomOrg's default handling-behavior","             */","                options = {};","                local.buildCustomOrg(options, onError);","            };","","        local.testCase_buildLib_default = local.testCase_buildLib_default || function (","            options,","            onError","        ) {","        /*","         * this function will test buildLib's default handling-behavior","         */","            options = {};","            local.buildLib(options, onError);","        };","","        local.testCase_buildReadme_default = local.testCase_buildReadme_default || function (","            options,","            onError","        ) {","        /*","         * this function will test buildReadme's default handling-behavior-behavior","         */","            options = {};","            local.buildReadme(options, onError);","        };","","        local.testCase_buildTest_default = local.testCase_buildTest_default || function (","            options,","            onError","        ) {","        /*","         * this function will test buildTest's default handling-behavior","         */","            options = {};","            local.buildTest(options, onError);","        };","","        local.testCase_webpage_default = local.testCase_webpage_default || function (","            options,","            onError","        ) {","        /*","         * this function will test webpage's default handling-behavior","         */","            options = { modeCoverageMerge: true, url: local.serverLocalHost + '?modeTest=1' };","            local.browserTest(options, onError);","        };","","        // run test-server","        local.testRunServer(local);","        break;","    }","}());",""],"l":{"12":2,"14":2,"19":2,"21":2,"23":2,"24":2,"25":2,"30":1,"37":2,"40":2,"43":1,"47":1,"50":1,"52":1,"55":2,"61":2,"62":2,"64":2,"70":1,"76":1,"82":2,"83":2,"85":2,"91":1,"98":1,"102":1,"105":1,"112":1,"119":1,"120":1,"123":1,"130":1,"131":1,"132":1,"133":1,"134":1,"135":1,"138":1,"143":2,"144":2,"147":1,"154":2,"155":2,"158":1,"165":2,"166":2,"169":1,"176":2,"177":2,"180":1,"187":1,"188":1,"192":1,"193":1}},"/home/travis/build/npmtest/node-npmtest-treeize/lib.npmtest_treeize.js":{"path":"/home/travis/build/npmtest/node-npmtest-treeize/lib.npmtest_treeize.js","s":{"1":2,"2":2,"3":2,"4":2,"5":2,"6":2,"7":2,"8":1,"9":2,"10":2,"11":2,"12":2,"13":1,"14":1,"15":1,"16":1},"b":{"1":[2,1,1,1],"2":[1,1,1,1],"3":[1,1],"4":[2,2],"5":[1,1]},"f":{"1":2,"2":2,"3":2},"fnMap":{"1":{"name":"(anonymous_1)","line":12,"loc":{"start":{"line":12,"column":1},"end":{"line":12,"column":13}}},"2":{"name":"(anonymous_2)","line":19,"loc":{"start":{"line":19,"column":5},"end":{"line":19,"column":17}}},"3":{"name":"(anonymous_3)","line":23,"loc":{"start":{"line":23,"column":24},"end":{"line":23,"column":36}}}},"statementMap":{"1":{"start":{"line":12,"column":0},"end":{"line":53,"column":5}},"2":{"start":{"line":14,"column":4},"end":{"line":14,"column":14}},"3":{"start":{"line":19,"column":4},"end":{"line":52,"column":9}},"4":{"start":{"line":21,"column":8},"end":{"line":21,"column":19}},"5":{"start":{"line":23,"column":8},"end":{"line":35,"column":13}},"6":{"start":{"line":24,"column":12},"end":{"line":34,"column":13}},"7":{"start":{"line":25,"column":16},"end":{"line":28,"column":30}},"8":{"start":{"line":30,"column":16},"end":{"line":33,"column":27}},"9":{"start":{"line":37,"column":8},"end":{"line":39,"column":21}},"10":{"start":{"line":41,"column":8},"end":{"line":41,"column":54}},"11":{"start":{"line":43,"column":8},"end":{"line":43,"column":52}},"12":{"start":{"line":45,"column":8},"end":{"line":51,"column":9}},"13":{"start":{"line":46,"column":12},"end":{"line":46,"column":58}},"14":{"start":{"line":48,"column":12},"end":{"line":48,"column":35}},"15":{"start":{"line":49,"column":12},"end":{"line":49,"column":49}},"16":{"start":{"line":50,"column":12},"end":{"line":50,"column":43}}},"branchMap":{"1":{"line":25,"type":"binary-expr","locations":[{"start":{"line":25,"column":23},"end":{"line":25,"column":62}},{"start":{"line":26,"column":20},"end":{"line":26,"column":70}},{"start":{"line":27,"column":20},"end":{"line":27,"column":71}},{"start":{"line":28,"column":20},"end":{"line":28,"column":29}}]},"2":{"line":30,"type":"binary-expr","locations":[{"start":{"line":30,"column":23},"end":{"line":30,"column":37}},{"start":{"line":31,"column":20},"end":{"line":31,"column":61}},{"start":{"line":32,"column":20},"end":{"line":32,"column":70}},{"start":{"line":33,"column":20},"end":{"line":33,"column":26}}]},"3":{"line":37,"type":"cond-expr","locations":[{"start":{"line":38,"column":14},"end":{"line":38,"column":20}},{"start":{"line":39,"column":14},"end":{"line":39,"column":20}}]},"4":{"line":41,"type":"binary-expr","locations":[{"start":{"line":41,"column":16},"end":{"line":41,"column":44}},{"start":{"line":41,"column":48},"end":{"line":41,"column":53}}]},"5":{"line":45,"type":"if","locations":[{"start":{"line":45,"column":8},"end":{"line":45,"column":8}},{"start":{"line":45,"column":8},"end":{"line":45,"column":8}}]}},"code":["/* istanbul instrument in package npmtest_treeize */","/*jslint","    bitwise: true,","    browser: true,","    maxerr: 8,","    maxlen: 96,","    node: true,","    nomen: true,","    regexp: true,","    stupid: true","*/","(function () {","    'use strict';","    var local;","","","","    // run shared js-env code - init-before","    (function () {","        // init local","        local = {};","        // init modeJs","        local.modeJs = (function () {","            try {","                return typeof navigator.userAgent === 'string' &&","                    typeof document.querySelector('body') === 'object' &&","                    typeof XMLHttpRequest.prototype.open === 'function' &&","                    'browser';","            } catch (errorCaughtBrowser) {","                return module.exports &&","                    typeof process.versions.node === 'string' &&","                    typeof require('http').createServer === 'function' &&","                    'node';","            }","        }());","        // init global","        local.global = local.modeJs === 'browser'","            ? window","            : global;","        // init utility2_rollup","        local = local.global.utility2_rollup || local;","        // init lib","        local.local = local.npmtest_treeize = local;","        // init exports","        if (local.modeJs === 'browser') {","            local.global.utility2_npmtest_treeize = local;","        } else {","            module.exports = local;","            module.exports.__dirname = __dirname;","            module.exports.module = module;","        }","    }());","}());",""],"l":{"12":2,"14":2,"19":2,"21":2,"23":2,"24":2,"25":2,"30":1,"37":2,"41":2,"43":2,"45":2,"46":1,"48":1,"49":1,"50":1}},"/home/travis/build/npmtest/node-npmtest-treeize/example.js":{"path":"/home/travis/build/npmtest/node-npmtest-treeize/example.js","s":{"1":2,"2":2,"3":2,"4":2,"5":2,"6":2,"7":2,"8":1,"9":2,"10":2,"11":2,"12":2,"13":1,"14":2,"15":2,"16":2,"17":2,"18":2,"19":0,"20":2,"21":1,"22":1,"23":1,"24":1,"25":1,"26":0,"27":0,"28":1,"29":1,"30":2,"31":0,"32":0,"33":0,"34":1,"35":2,"36":2,"37":3,"38":3,"39":3,"40":3,"41":0,"42":3,"43":3,"44":3,"45":1,"46":3,"47":1,"48":1,"49":1,"50":1,"51":1,"52":1,"53":1,"54":1,"55":1,"56":1,"57":0,"58":1,"59":6,"60":6,"61":1,"62":2,"63":0,"64":2,"65":1,"66":1,"67":0,"68":0,"69":0,"70":0,"71":0,"72":0,"73":0,"74":0,"75":0,"76":0,"77":0,"78":0,"79":0,"80":0,"81":0,"82":0,"83":0},"b":{"1":[2,1,1,1],"2":[1,1,1,1],"3":[1,1],"4":[2,2],"5":[1,1],"6":[1,1],"7":[2,0],"8":[2,1,1,1,1,1],"9":[0,2,0],"10":[1,1],"11":[2,1,1],"12":[1,0],"13":[0,2],"14":[2,0,0,0,0,0,0],"15":[0,3],"16":[3,0],"17":[1,1],"18":[0,1],"19":[1,2,0,2],"20":[1,0],"21":[1,1],"22":[0,0],"23":[0,0],"24":[0,0],"25":[0,0],"26":[0,0],"27":[0,0],"28":[0,0]},"f":{"1":2,"2":2,"3":2,"4":2,"5":2,"6":2,"7":3,"8":3,"9":3,"10":1,"11":6,"12":0},"fnMap":{"1":{"name":"(anonymous_1)","line":26,"loc":{"start":{"line":26,"column":1},"end":{"line":26,"column":13}}},"2":{"name":"(anonymous_2)","line":33,"loc":{"start":{"line":33,"column":5},"end":{"line":33,"column":17}}},"3":{"name":"(anonymous_3)","line":37,"loc":{"start":{"line":37,"column":24},"end":{"line":37,"column":36}}},"4":{"name":"(anonymous_4)","line":69,"loc":{"start":{"line":69,"column":31},"end":{"line":69,"column":48}},"skip":true},"5":{"name":"(anonymous_5)","line":78,"loc":{"start":{"line":78,"column":26},"end":{"line":78,"column":45}},"skip":true},"6":{"name":"(anonymous_6)","line":123,"loc":{"start":{"line":123,"column":33},"end":{"line":123,"column":48}},"skip":true},"7":{"name":"(anonymous_7)","line":125,"loc":{"start":{"line":125,"column":27},"end":{"line":125,"column":39}},"skip":true},"8":{"name":"(anonymous_8)","line":133,"loc":{"start":{"line":133,"column":59},"end":{"line":133,"column":74}},"skip":true},"9":{"name":"(anonymous_9)","line":143,"loc":{"start":{"line":143,"column":45},"end":{"line":143,"column":62}},"skip":true},"10":{"name":"(anonymous_10)","line":144,"loc":{"start":{"line":144,"column":73},"end":{"line":144,"column":92}},"skip":true},"11":{"name":"(anonymous_11)","line":272,"loc":{"start":{"line":272,"column":51},"end":{"line":272,"column":77}},"skip":true},"12":{"name":"(anonymous_12)","line":315,"loc":{"start":{"line":315,"column":32},"end":{"line":315,"column":61}},"skip":true}},"statementMap":{"1":{"start":{"line":26,"column":0},"end":{"line":326,"column":5}},"2":{"start":{"line":28,"column":4},"end":{"line":28,"column":14}},"3":{"start":{"line":33,"column":4},"end":{"line":60,"column":9}},"4":{"start":{"line":35,"column":8},"end":{"line":35,"column":19}},"5":{"start":{"line":37,"column":8},"end":{"line":49,"column":13}},"6":{"start":{"line":38,"column":12},"end":{"line":48,"column":13}},"7":{"start":{"line":39,"column":16},"end":{"line":42,"column":30}},"8":{"start":{"line":44,"column":16},"end":{"line":47,"column":27}},"9":{"start":{"line":51,"column":8},"end":{"line":53,"column":21}},"10":{"start":{"line":55,"column":8},"end":{"line":57,"column":45}},"11":{"start":{"line":59,"column":8},"end":{"line":59,"column":35}},"12":{"start":{"line":61,"column":4},"end":{"line":325,"column":5}},"13":{"start":{"line":69,"column":8},"end":{"line":121,"column":10},"skip":true},"14":{"start":{"line":70,"column":12},"end":{"line":88,"column":13},"skip":true},"15":{"start":{"line":76,"column":16},"end":{"line":87,"column":19},"skip":true},"16":{"start":{"line":79,"column":20},"end":{"line":86,"column":21},"skip":true},"17":{"start":{"line":82,"column":24},"end":{"line":82,"column":43},"skip":true},"18":{"start":{"line":83,"column":24},"end":{"line":83,"column":30},"skip":true},"19":{"start":{"line":85,"column":24},"end":{"line":85,"column":49},"skip":true},"20":{"start":{"line":89,"column":12},"end":{"line":107,"column":13},"skip":true},"21":{"start":{"line":92,"column":16},"end":{"line":102,"column":17},"skip":true},"22":{"start":{"line":93,"column":20},"end":{"line":93,"column":86},"skip":true},"23":{"start":{"line":94,"column":20},"end":{"line":95,"column":45},"skip":true},"24":{"start":{"line":96,"column":20},"end":{"line":96,"column":42},"skip":true},"25":{"start":{"line":97,"column":20},"end":{"line":97,"column":48},"skip":true},"26":{"start":{"line":100,"column":20},"end":{"line":100,"column":85},"skip":true},"27":{"start":{"line":101,"column":20},"end":{"line":101,"column":96},"skip":true},"28":{"start":{"line":103,"column":16},"end":{"line":103,"column":22},"skip":true},"29":{"start":{"line":106,"column":16},"end":{"line":106,"column":22},"skip":true},"30":{"start":{"line":108,"column":12},"end":{"line":120,"column":13},"skip":true},"31":{"start":{"line":114,"column":16},"end":{"line":119,"column":17},"skip":true},"32":{"start":{"line":116,"column":20},"end":{"line":116,"column":78},"skip":true},"33":{"start":{"line":118,"column":20},"end":{"line":118,"column":47},"skip":true},"34":{"start":{"line":123,"column":8},"end":{"line":141,"column":11},"skip":true},"35":{"start":{"line":124,"column":12},"end":{"line":124,"column":54},"skip":true},"36":{"start":{"line":125,"column":12},"end":{"line":140,"column":14},"skip":true},"37":{"start":{"line":126,"column":16},"end":{"line":126,"column":28},"skip":true},"38":{"start":{"line":127,"column":16},"end":{"line":127,"column":69},"skip":true},"39":{"start":{"line":128,"column":16},"end":{"line":128,"column":75},"skip":true},"40":{"start":{"line":129,"column":16},"end":{"line":131,"column":17},"skip":true},"41":{"start":{"line":130,"column":20},"end":{"line":130,"column":27},"skip":true},"42":{"start":{"line":133,"column":16},"end":{"line":137,"column":36},"skip":true},"43":{"start":{"line":134,"column":20},"end":{"line":136,"column":55},"skip":true},"44":{"start":{"line":139,"column":16},"end":{"line":139,"column":57},"skip":true},"45":{"start":{"line":143,"column":8},"end":{"line":147,"column":11},"skip":true},"46":{"start":{"line":144,"column":12},"end":{"line":146,"column":15},"skip":true},"47":{"start":{"line":145,"column":16},"end":{"line":145,"column":70},"skip":true},"48":{"start":{"line":149,"column":8},"end":{"line":149,"column":31},"skip":true},"49":{"start":{"line":150,"column":8},"end":{"line":150,"column":14},"skip":true},"50":{"start":{"line":158,"column":8},"end":{"line":158,"column":31},"skip":true},"51":{"start":{"line":160,"column":8},"end":{"line":160,"column":33},"skip":true},"52":{"start":{"line":161,"column":8},"end":{"line":161,"column":37},"skip":true},"53":{"start":{"line":162,"column":8},"end":{"line":162,"column":35},"skip":true},"54":{"start":{"line":164,"column":8},"end":{"line":164,"column":50},"skip":true},"55":{"start":{"line":166,"column":8},"end":{"line":256,"column":2},"skip":true},"56":{"start":{"line":258,"column":8},"end":{"line":286,"column":9},"skip":true},"57":{"start":{"line":259,"column":12},"end":{"line":269,"column":14},"skip":true},"58":{"start":{"line":271,"column":12},"end":{"line":285,"column":19},"skip":true},"59":{"start":{"line":274,"column":20},"end":{"line":274,"column":35},"skip":true},"60":{"start":{"line":275,"column":20},"end":{"line":284,"column":21},"skip":true},"61":{"start":{"line":277,"column":24},"end":{"line":277,"column":64},"skip":true},"62":{"start":{"line":279,"column":24},"end":{"line":279,"column":40},"skip":true},"63":{"start":{"line":281,"column":24},"end":{"line":281,"column":40},"skip":true},"64":{"start":{"line":283,"column":24},"end":{"line":283,"column":39},"skip":true},"65":{"start":{"line":288,"column":8},"end":{"line":290,"column":9},"skip":true},"66":{"start":{"line":289,"column":12},"end":{"line":289,"column":18},"skip":true},"67":{"start":{"line":291,"column":8},"end":{"line":293,"column":54},"skip":true},"68":{"start":{"line":296,"column":8},"end":{"line":301,"column":37},"skip":true},"69":{"start":{"line":303,"column":8},"end":{"line":303,"column":82},"skip":true},"70":{"start":{"line":306,"column":8},"end":{"line":308,"column":9},"skip":true},"71":{"start":{"line":307,"column":12},"end":{"line":307,"column":82},"skip":true},"72":{"start":{"line":310,"column":8},"end":{"line":312,"column":9},"skip":true},"73":{"start":{"line":311,"column":12},"end":{"line":311,"column":18},"skip":true},"74":{"start":{"line":313,"column":8},"end":{"line":313,"column":54},"skip":true},"75":{"start":{"line":314,"column":8},"end":{"line":314,"column":69},"skip":true},"76":{"start":{"line":315,"column":8},"end":{"line":323,"column":36},"skip":true},"77":{"start":{"line":316,"column":12},"end":{"line":316,"column":61},"skip":true},"78":{"start":{"line":317,"column":12},"end":{"line":320,"column":13},"skip":true},"79":{"start":{"line":318,"column":16},"end":{"line":318,"column":75},"skip":true},"80":{"start":{"line":319,"column":16},"end":{"line":319,"column":23},"skip":true},"81":{"start":{"line":321,"column":12},"end":{"line":321,"column":38},"skip":true},"82":{"start":{"line":322,"column":12},"end":{"line":322,"column":27},"skip":true},"83":{"start":{"line":324,"column":8},"end":{"line":324,"column":14},"skip":true}},"branchMap":{"1":{"line":39,"type":"binary-expr","locations":[{"start":{"line":39,"column":23},"end":{"line":39,"column":62}},{"start":{"line":40,"column":20},"end":{"line":40,"column":70}},{"start":{"line":41,"column":20},"end":{"line":41,"column":71}},{"start":{"line":42,"column":20},"end":{"line":42,"column":29}}]},"2":{"line":44,"type":"binary-expr","locations":[{"start":{"line":44,"column":23},"end":{"line":44,"column":37}},{"start":{"line":45,"column":20},"end":{"line":45,"column":61}},{"start":{"line":46,"column":20},"end":{"line":46,"column":70}},{"start":{"line":47,"column":20},"end":{"line":47,"column":26}}]},"3":{"line":51,"type":"cond-expr","locations":[{"start":{"line":52,"column":14},"end":{"line":52,"column":20}},{"start":{"line":53,"column":14},"end":{"line":53,"column":20}}]},"4":{"line":55,"type":"binary-expr","locations":[{"start":{"line":55,"column":16},"end":{"line":55,"column":44}},{"start":{"line":55,"column":49},"end":{"line":57,"column":43}}]},"5":{"line":55,"type":"cond-expr","locations":[{"start":{"line":56,"column":14},"end":{"line":56,"column":51}},{"start":{"line":57,"column":14},"end":{"line":57,"column":43}}]},"6":{"line":61,"type":"switch","locations":[{"start":{"line":68,"column":4},"end":{"line":150,"column":14},"skip":true},{"start":{"line":156,"column":4},"end":{"line":324,"column":14},"skip":true}]},"7":{"line":70,"type":"if","locations":[{"start":{"line":70,"column":12},"end":{"line":70,"column":12},"skip":true},{"start":{"line":70,"column":12},"end":{"line":70,"column":12},"skip":true}]},"8":{"line":70,"type":"binary-expr","locations":[{"start":{"line":70,"column":16},"end":{"line":70,"column":22},"skip":true},{"start":{"line":70,"column":27},"end":{"line":70,"column":32},"skip":true},{"start":{"line":71,"column":20},"end":{"line":71,"column":39},"skip":true},{"start":{"line":72,"column":20},"end":{"line":72,"column":49},"skip":true},{"start":{"line":73,"column":20},"end":{"line":73,"column":58},"skip":true},{"start":{"line":74,"column":20},"end":{"line":74,"column":69},"skip":true}]},"9":{"line":79,"type":"switch","locations":[{"start":{"line":80,"column":20},"end":{"line":80,"column":33},"skip":true},{"start":{"line":81,"column":20},"end":{"line":83,"column":30},"skip":true},{"start":{"line":84,"column":20},"end":{"line":85,"column":49},"skip":true}]},"10":{"line":89,"type":"switch","locations":[{"start":{"line":90,"column":12},"end":{"line":103,"column":22},"skip":true},{"start":{"line":105,"column":12},"end":{"line":106,"column":22},"skip":true}]},"11":{"line":89,"type":"binary-expr","locations":[{"start":{"line":89,"column":20},"end":{"line":89,"column":25},"skip":true},{"start":{"line":89,"column":29},"end":{"line":89,"column":48},"skip":true},{"start":{"line":89,"column":52},"end":{"line":89,"column":74},"skip":true}]},"12":{"line":92,"type":"if","locations":[{"start":{"line":92,"column":16},"end":{"line":92,"column":16},"skip":true},{"start":{"line":92,"column":16},"end":{"line":92,"column":16},"skip":true}]},"13":{"line":108,"type":"if","locations":[{"start":{"line":108,"column":12},"end":{"line":108,"column":12},"skip":true},{"start":{"line":108,"column":12},"end":{"line":108,"column":12},"skip":true}]},"14":{"line":108,"type":"binary-expr","locations":[{"start":{"line":108,"column":16},"end":{"line":108,"column":61},"skip":true},{"start":{"line":108,"column":66},"end":{"line":108,"column":72},"skip":true},{"start":{"line":108,"column":77},"end":{"line":108,"column":82},"skip":true},{"start":{"line":109,"column":20},"end":{"line":109,"column":39},"skip":true},{"start":{"line":110,"column":20},"end":{"line":110,"column":49},"skip":true},{"start":{"line":111,"column":20},"end":{"line":111,"column":58},"skip":true},{"start":{"line":112,"column":20},"end":{"line":112,"column":68},"skip":true}]},"15":{"line":129,"type":"if","locations":[{"start":{"line":129,"column":16},"end":{"line":129,"column":16},"skip":true},{"start":{"line":129,"column":16},"end":{"line":129,"column":16},"skip":true}]},"16":{"line":134,"type":"cond-expr","locations":[{"start":{"line":135,"column":26},"end":{"line":135,"column":29},"skip":true},{"start":{"line":136,"column":26},"end":{"line":136,"column":54},"skip":true}]},"17":{"line":164,"type":"binary-expr","locations":[{"start":{"line":164,"column":27},"end":{"line":164,"column":43},"skip":true},{"start":{"line":164,"column":47},"end":{"line":164,"column":49},"skip":true}]},"18":{"line":258,"type":"if","locations":[{"start":{"line":258,"column":8},"end":{"line":258,"column":8},"skip":true},{"start":{"line":258,"column":8},"end":{"line":258,"column":8},"skip":true}]},"19":{"line":275,"type":"switch","locations":[{"start":{"line":276,"column":20},"end":{"line":277,"column":64},"skip":true},{"start":{"line":278,"column":20},"end":{"line":279,"column":40},"skip":true},{"start":{"line":280,"column":20},"end":{"line":281,"column":40},"skip":true},{"start":{"line":282,"column":20},"end":{"line":283,"column":39},"skip":true}]},"20":{"line":288,"type":"if","locations":[{"start":{"line":288,"column":8},"end":{"line":288,"column":8},"skip":true},{"start":{"line":288,"column":8},"end":{"line":288,"column":8},"skip":true}]},"21":{"line":288,"type":"binary-expr","locations":[{"start":{"line":288,"column":12},"end":{"line":288,"column":40},"skip":true},{"start":{"line":288,"column":44},"end":{"line":288,"column":67},"skip":true}]},"22":{"line":292,"type":"binary-expr","locations":[{"start":{"line":292,"column":12},"end":{"line":292,"column":50},"skip":true},{"start":{"line":293,"column":12},"end":{"line":293,"column":53},"skip":true}]},"23":{"line":297,"type":"binary-expr","locations":[{"start":{"line":297,"column":12},"end":{"line":297,"column":65},"skip":true},{"start":{"line":298,"column":12},"end":{"line":301,"column":36},"skip":true}]},"24":{"line":303,"type":"binary-expr","locations":[{"start":{"line":303,"column":43},"end":{"line":303,"column":75},"skip":true},{"start":{"line":303,"column":79},"end":{"line":303,"column":81},"skip":true}]},"25":{"line":306,"type":"if","locations":[{"start":{"line":306,"column":8},"end":{"line":306,"column":8},"skip":true},{"start":{"line":306,"column":8},"end":{"line":306,"column":8},"skip":true}]},"26":{"line":310,"type":"if","locations":[{"start":{"line":310,"column":8},"end":{"line":310,"column":8},"skip":true},{"start":{"line":310,"column":8},"end":{"line":310,"column":8},"skip":true}]},"27":{"line":313,"type":"binary-expr","locations":[{"start":{"line":313,"column":27},"end":{"line":313,"column":43},"skip":true},{"start":{"line":313,"column":47},"end":{"line":313,"column":53},"skip":true}]},"28":{"line":317,"type":"if","locations":[{"start":{"line":317,"column":12},"end":{"line":317,"column":12},"skip":true},{"start":{"line":317,"column":12},"end":{"line":317,"column":12},"skip":true}]}},"code":["/*","example.js","","quickstart example","","instruction","    1. save this script as example.js","    2. run the shell command:","        $ npm install npmtest-treeize && PORT=8081 node example.js","    3. play with the browser-demo on http://127.0.0.1:8081","*/","","","","/* istanbul instrument in package npmtest_treeize */","/*jslint","    bitwise: true,","    browser: true,","    maxerr: 8,","    maxlen: 96,","    node: true,","    nomen: true,","    regexp: true,","    stupid: true","*/","(function () {","    'use strict';","    var local;","","","","    // run shared js-env code - init-before","    (function () {","        // init local","        local = {};","        // init modeJs","        local.modeJs = (function () {","            try {","                return typeof navigator.userAgent === 'string' &&","                    typeof document.querySelector('body') === 'object' &&","                    typeof XMLHttpRequest.prototype.open === 'function' &&","                    'browser';","            } catch (errorCaughtBrowser) {","                return module.exports &&","                    typeof process.versions.node === 'string' &&","                    typeof require('http').createServer === 'function' &&","                    'node';","            }","        }());","        // init global","        local.global = local.modeJs === 'browser'","            ? window","            : global;","        // init utility2_rollup","        local = local.global.utility2_rollup || (local.modeJs === 'browser'","            ? local.global.utility2_npmtest_treeize","            : global.utility2_moduleExports);","        // export local","        local.global.local = local;","    }());","    switch (local.modeJs) {","","","","    // init-after","    // run browser js-env code - init-after","    /* istanbul ignore next */","    case 'browser':","        local.testRunBrowser = function (event) {","            if (!event || (event &&","                    event.currentTarget &&","                    event.currentTarget.className &&","                    event.currentTarget.className.includes &&","                    event.currentTarget.className.includes('onreset'))) {","                // reset output","                Array.from(","                    document.querySelectorAll('body > .resettable')","                ).forEach(function (element) {","                    switch (element.tagName) {","                    case 'INPUT':","                    case 'TEXTAREA':","                        element.value = '';","                        break;","                    default:","                        element.textContent = '';","                    }","                });","            }","            switch (event && event.currentTarget && event.currentTarget.id) {","            case 'testRunButton1':","                // show tests","                if (document.querySelector('#testReportDiv1').style.display === 'none') {","                    document.querySelector('#testReportDiv1').style.display = 'block';","                    document.querySelector('#testRunButton1').textContent =","                        'hide internal test';","                    local.modeTest = true;","                    local.testRunDefault(local);","                // hide tests","                } else {","                    document.querySelector('#testReportDiv1').style.display = 'none';","                    document.querySelector('#testRunButton1').textContent = 'run internal test';","                }","                break;","            // custom-case","            default:","                break;","            }","            if (document.querySelector('#inputTextareaEval1') && (!event || (event &&","                    event.currentTarget &&","                    event.currentTarget.className &&","                    event.currentTarget.className.includes &&","                    event.currentTarget.className.includes('oneval')))) {","                // try to eval input-code","                try {","                    /*jslint evil: true*/","                    eval(document.querySelector('#inputTextareaEval1').value);","                } catch (errorCaught) {","                    console.error(errorCaught);","                }","            }","        };","        // log stderr and stdout to #outputTextareaStdout1","        ['error', 'log'].forEach(function (key) {","            console[key + '_original'] = console[key];","            console[key] = function () {","                var element;","                console[key + '_original'].apply(console, arguments);","                element = document.querySelector('#outputTextareaStdout1');","                if (!element) {","                    return;","                }","                // append text to #outputTextareaStdout1","                element.value += Array.from(arguments).map(function (arg) {","                    return typeof arg === 'string'","                        ? arg","                        : JSON.stringify(arg, null, 4);","                }).join(' ') + '\\n';","                // scroll textarea to bottom","                element.scrollTop = element.scrollHeight;","            };","        });","        // init event-handling","        ['change', 'click', 'keyup'].forEach(function (event) {","            Array.from(document.querySelectorAll('.on' + event)).forEach(function (element) {","                element.addEventListener(event, local.testRunBrowser);","            });","        });","        // run tests","        local.testRunBrowser();","        break;","","","","    // run node js-env code - init-after","    /* istanbul ignore next */","    case 'node':","        // export local","        module.exports = local;","        // require modules","        local.fs = require('fs');","        local.http = require('http');","        local.url = require('url');","        // init assets","        local.assetsDict = local.assetsDict || {};","        /* jslint-ignore-begin */","        local.assetsDict['/assets.index.template.html'] = '\\","<!doctype html>\\n\\","<html lang=\"en\">\\n\\","<head>\\n\\","<meta charset=\"UTF-8\">\\n\\","<meta name=\"viewport\" content=\"width=device-width, initial-scale=1\">\\n\\","<title>{{env.npm_package_name}} (v{{env.npm_package_version}})</title>\\n\\","<style>\\n\\","/*csslint\\n\\","    box-sizing: false,\\n\\","    universal-selector: false\\n\\","*/\\n\\","* {\\n\\","    box-sizing: border-box;\\n\\","}\\n\\","body {\\n\\","    background: #dde;\\n\\","    font-family: Arial, Helvetica, sans-serif;\\n\\","    margin: 2rem;\\n\\","}\\n\\","body > * {\\n\\","    margin-bottom: 1rem;\\n\\","}\\n\\",".utility2FooterDiv {\\n\\","    margin-top: 20px;\\n\\","    text-align: center;\\n\\","}\\n\\","</style>\\n\\","<style>\\n\\","/*csslint\\n\\","*/\\n\\","textarea {\\n\\","    font-family: monospace;\\n\\","    height: 10rem;\\n\\","    width: 100%;\\n\\","}\\n\\","textarea[readonly] {\\n\\","    background: #ddd;\\n\\","}\\n\\","</style>\\n\\","</head>\\n\\","<body>\\n\\","<!-- utility2-comment\\n\\","<div id=\"ajaxProgressDiv1\" style=\"background: #d00; height: 2px; left: 0; margin: 0; padding: 0; position: fixed; top: 0; transition: background 0.5s, width 1.5s; width: 25%;\"></div>\\n\\","utility2-comment -->\\n\\","<h1>\\n\\","<!-- utility2-comment\\n\\","    <a\\n\\","        {{#if env.npm_package_homepage}}\\n\\","        href=\"{{env.npm_package_homepage}}\"\\n\\","        {{/if env.npm_package_homepage}}\\n\\","        target=\"_blank\"\\n\\","    >\\n\\","utility2-comment -->\\n\\","        {{env.npm_package_name}} (v{{env.npm_package_version}})\\n\\","<!-- utility2-comment\\n\\","    </a>\\n\\","utility2-comment -->\\n\\","</h1>\\n\\","<h3>{{env.npm_package_description}}</h3>\\n\\","<!-- utility2-comment\\n\\","<h4><a download href=\"assets.app.js\">download standalone app</a></h4>\\n\\","<button class=\"onclick onreset\" id=\"testRunButton1\">run internal test</button><br>\\n\\","<div id=\"testReportDiv1\" style=\"display: none;\"></div>\\n\\","utility2-comment -->\\n\\","\\n\\","\\n\\","\\n\\","<label>stderr and stdout</label>\\n\\","<textarea class=\"resettable\" id=\"outputTextareaStdout1\" readonly></textarea>\\n\\","<!-- utility2-comment\\n\\","{{#if isRollup}}\\n\\","<script src=\"assets.app.js\"></script>\\n\\","{{#unless isRollup}}\\n\\","utility2-comment -->\\n\\","<script src=\"assets.utility2.rollup.js\"></script>\\n\\","<script src=\"jsonp.utility2._stateInit?callback=window.utility2._stateInit\"></script>\\n\\","<script src=\"assets.npmtest_treeize.rollup.js\"></script>\\n\\","<script src=\"assets.example.js\"></script>\\n\\","<script src=\"assets.test.js\"></script>\\n\\","<!-- utility2-comment\\n\\","{{/if isRollup}}\\n\\","utility2-comment -->\\n\\","<div class=\"utility2FooterDiv\">\\n\\","    [ this app was created with\\n\\","    <a href=\"https://github.com/kaizhu256/node-utility2\" target=\"_blank\">utility2</a>\\n\\","    ]\\n\\","</div>\\n\\","</body>\\n\\","</html>\\n\\","';","        /* jslint-ignore-end */","        if (local.templateRender) {","            local.assetsDict['/'] = local.templateRender(","                local.assetsDict['/assets.index.template.html'],","                {","                    env: local.objectSetDefault(local.env, {","                        npm_package_description: 'the greatest app in the world!',","                        npm_package_name: 'my-app',","                        npm_package_nameAlias: 'my_app',","                        npm_package_version: '0.0.1'","                    })","                }","            );","        } else {","            local.assetsDict['/'] = local.assetsDict['/assets.index.template.html']","                .replace((/\\{\\{env\\.(\\w+?)\\}\\}/g), function (match0, match1) {","                    // jslint-hack","                    String(match0);","                    switch (match1) {","                    case 'npm_package_description':","                        return 'the greatest app in the world!';","                    case 'npm_package_name':","                        return 'my-app';","                    case 'npm_package_nameAlias':","                        return 'my_app';","                    case 'npm_package_version':","                        return '0.0.1';","                    }","                });","        }","        // run the cli","        if (local.global.utility2_rollup || module !== require.main) {","            break;","        }","        local.assetsDict['/assets.example.js'] =","            local.assetsDict['/assets.example.js'] ||","            local.fs.readFileSync(__filename, 'utf8');","        // bug-workaround - long $npm_package_buildCustomOrg","        /* jslint-ignore-begin */","        local.assetsDict['/assets.npmtest_treeize.rollup.js'] =","            local.assetsDict['/assets.npmtest_treeize.rollup.js'] ||","            local.fs.readFileSync(","                local.npmtest_treeize.__dirname + '/lib.npmtest_treeize.js',","                'utf8'","            ).replace((/^#!/), '//');","        /* jslint-ignore-end */","        local.assetsDict['/favicon.ico'] = local.assetsDict['/favicon.ico'] || '';","        // if $npm_config_timeout_exit exists,","        // then exit this process after $npm_config_timeout_exit ms","        if (Number(process.env.npm_config_timeout_exit)) {","            setTimeout(process.exit, Number(process.env.npm_config_timeout_exit));","        }","        // start server","        if (local.global.utility2_serverHttp1) {","            break;","        }","        process.env.PORT = process.env.PORT || '8081';","        console.error('server starting on port ' + process.env.PORT);","        local.http.createServer(function (request, response) {","            request.urlParsed = local.url.parse(request.url);","            if (local.assetsDict[request.urlParsed.pathname] !== undefined) {","                response.end(local.assetsDict[request.urlParsed.pathname]);","                return;","            }","            response.statusCode = 404;","            response.end();","        }).listen(process.env.PORT);","        break;","    }","}());",""],"l":{"26":2,"28":2,"33":2,"35":2,"37":2,"38":2,"39":2,"44":1,"51":2,"55":2,"59":2,"61":2,"69":1,"70":2,"76":2,"79":2,"82":2,"83":2,"85":1,"89":2,"92":1,"93":1,"94":1,"96":1,"97":1,"100":1,"101":1,"103":1,"106":1,"108":2,"114":1,"116":1,"118":1,"123":1,"124":2,"125":2,"126":3,"127":3,"128":3,"129":3,"130":1,"133":3,"134":3,"139":3,"143":1,"144":3,"145":1,"149":1,"150":1,"158":1,"160":1,"161":1,"162":1,"164":1,"166":1,"258":1,"259":1,"271":1,"274":6,"275":6,"277":1,"279":2,"281":1,"283":2,"288":1,"289":1,"291":1,"296":1,"303":1,"306":1,"307":1,"310":1,"311":1,"313":1,"314":1,"315":1,"316":1,"317":1,"318":1,"319":1,"321":1,"322":1,"324":1}},"/home/travis/build/npmtest/node-npmtest-treeize/node_modules/treeize/lib/treeize.js":{"path":"/home/travis/build/npmtest/node-npmtest-treeize/node_modules/treeize/lib/treeize.js","s":{"1":1,"2":1,"3":1,"4":1,"5":1,"6":0,"7":0,"8":0,"9":0,"10":0,"11":0,"12":0,"13":1,"14":0,"15":0,"16":0,"17":1,"18":0,"19":1,"20":0,"21":1,"22":0,"23":1,"24":0,"25":0,"26":0,"27":0,"28":0,"29":0,"30":0,"31":0,"32":0,"33":0,"34":0,"35":0,"36":0,"37":0,"38":0,"39":0,"40":0,"41":0,"42":0,"43":0,"44":0,"45":0,"46":0,"47":0,"48":0,"49":0,"50":0,"51":0,"52":0,"53":0,"54":0,"55":0,"56":0,"57":0,"58":0,"59":0,"60":0,"61":0,"62":0,"63":0,"64":0,"65":0,"66":0,"67":0,"68":0,"69":0,"70":0,"71":0,"72":0,"73":0,"74":1,"75":0,"76":1,"77":0,"78":1,"79":0,"80":1,"81":0,"82":0,"83":0,"84":1,"85":0,"86":0,"87":0,"88":0,"89":0,"90":0,"91":0,"92":0,"93":0,"94":0,"95":0,"96":0,"97":0,"98":0,"99":0,"100":0,"101":0,"102":0,"103":0,"104":0,"105":0,"106":0,"107":0,"108":0,"109":0,"110":0,"111":0,"112":0,"113":0,"114":0,"115":0,"116":0,"117":0,"118":0,"119":0,"120":0,"121":0,"122":0,"123":0,"124":0,"125":0,"126":0,"127":0,"128":0,"129":0,"130":0,"131":0,"132":0,"133":0,"134":0,"135":0,"136":0,"137":0,"138":0,"139":0,"140":0,"141":0,"142":0,"143":0,"144":0,"145":0,"146":0,"147":0,"148":0,"149":0,"150":0,"151":0,"152":0,"153":0,"154":0,"155":0,"156":0,"157":0,"158":0,"159":0,"160":0,"161":0,"162":0,"163":0,"164":0,"165":0,"166":0,"167":0,"168":0,"169":0,"170":0,"171":0,"172":0,"173":0,"174":0,"175":0,"176":0,"177":0,"178":0,"179":0,"180":0,"181":0,"182":0,"183":0,"184":0,"185":0,"186":0,"187":0,"188":0,"189":0,"190":0,"191":0,"192":0,"193":0,"194":0,"195":0,"196":0,"197":0,"198":0,"199":0,"200":0,"201":1,"202":0,"203":0,"204":0,"205":0,"206":1,"207":0,"208":1,"209":0,"210":1,"211":0,"212":0,"213":1,"214":0,"215":1},"b":{"1":[0,0],"2":[0,0],"3":[0,0],"4":[0,0],"5":[0,0],"6":[0,0],"7":[0,0],"8":[0,0],"9":[0,0],"10":[0,0],"11":[0,0,0],"12":[0,0],"13":[0,0],"14":[0,0],"15":[0,0],"16":[0,0],"17":[0,0],"18":[0,0],"19":[0,0,0],"20":[0,0],"21":[0,0],"22":[0,0],"23":[0,0],"24":[0,0],"25":[0,0],"26":[0,0],"27":[0,0],"28":[0,0],"29":[0,0],"30":[0,0],"31":[0,0],"32":[0,0],"33":[0,0],"34":[0,0],"35":[0,0,0],"36":[0,0],"37":[0,0],"38":[0,0],"39":[0,0],"40":[0,0],"41":[0,0],"42":[0,0],"43":[0,0],"44":[0,0],"45":[0,0],"46":[0,0],"47":[0,0],"48":[0,0],"49":[0,0],"50":[0,0],"51":[0,0,0],"52":[0,0],"53":[0,0],"54":[0,0],"55":[0,0],"56":[0,0],"57":[0,0,0],"58":[0,0],"59":[0,0],"60":[0,0]},"f":{"1":0,"2":0,"3":0,"4":0,"5":0,"6":0,"7":0,"8":0,"9":0,"10":0,"11":0,"12":0,"13":0,"14":0,"15":0,"16":0,"17":0,"18":0,"19":0,"20":0,"21":0,"22":0,"23":0,"24":0,"25":0,"26":0},"fnMap":{"1":{"name":"Treeize","line":6,"loc":{"start":{"line":6,"column":0},"end":{"line":6,"column":26}}},"2":{"name":"(anonymous_2)","line":49,"loc":{"start":{"line":49,"column":24},"end":{"line":49,"column":35}}},"3":{"name":"(anonymous_3)","line":57,"loc":{"start":{"line":57,"column":28},"end":{"line":57,"column":39}}},"4":{"name":"(anonymous_4)","line":61,"loc":{"start":{"line":61,"column":32},"end":{"line":61,"column":43}}},"5":{"name":"(anonymous_5)","line":65,"loc":{"start":{"line":65,"column":29},"end":{"line":65,"column":40}}},"6":{"name":"(anonymous_6)","line":73,"loc":{"start":{"line":73,"column":30},"end":{"line":73,"column":59}}},"7":{"name":"(anonymous_7)","line":90,"loc":{"start":{"line":90,"column":14},"end":{"line":90,"column":35}}},"8":{"name":"(anonymous_8)","line":140,"loc":{"start":{"line":140,"column":16},"end":{"line":140,"column":31}}},"9":{"name":"(anonymous_9)","line":146,"loc":{"start":{"line":146,"column":13},"end":{"line":146,"column":28}}},"10":{"name":"(anonymous_10)","line":156,"loc":{"start":{"line":156,"column":33},"end":{"line":156,"column":44}}},"11":{"name":"(anonymous_11)","line":160,"loc":{"start":{"line":160,"column":33},"end":{"line":160,"column":56}}},"12":{"name":"(anonymous_12)","line":164,"loc":{"start":{"line":164,"column":37},"end":{"line":164,"column":60}}},"13":{"name":"(anonymous_13)","line":168,"loc":{"start":{"line":168,"column":35},"end":{"line":168,"column":46}}},"14":{"name":"(anonymous_14)","line":176,"loc":{"start":{"line":176,"column":25},"end":{"line":176,"column":49}}},"15":{"name":"(anonymous_15)","line":205,"loc":{"start":{"line":205,"column":27},"end":{"line":205,"column":48}}},"16":{"name":"(anonymous_16)","line":222,"loc":{"start":{"line":222,"column":15},"end":{"line":222,"column":29}}},"17":{"name":"(anonymous_17)","line":245,"loc":{"start":{"line":245,"column":18},"end":{"line":245,"column":39}}},"18":{"name":"(anonymous_18)","line":256,"loc":{"start":{"line":256,"column":35},"end":{"line":256,"column":50}}},"19":{"name":"(anonymous_19)","line":262,"loc":{"start":{"line":262,"column":29},"end":{"line":262,"column":49}}},"20":{"name":"(anonymous_20)","line":269,"loc":{"start":{"line":269,"column":30},"end":{"line":269,"column":50}}},"21":{"name":"(anonymous_21)","line":351,"loc":{"start":{"line":351,"column":75},"end":{"line":351,"column":93}}},"22":{"name":"(anonymous_22)","line":407,"loc":{"start":{"line":407,"column":28},"end":{"line":407,"column":46}}},"23":{"name":"(anonymous_23)","line":417,"loc":{"start":{"line":417,"column":31},"end":{"line":417,"column":42}}},"24":{"name":"(anonymous_24)","line":421,"loc":{"start":{"line":421,"column":31},"end":{"line":421,"column":49}}},"25":{"name":"(anonymous_25)","line":425,"loc":{"start":{"line":425,"column":33},"end":{"line":425,"column":44}}},"26":{"name":"treeToString","line":431,"loc":{"start":{"line":431,"column":29},"end":{"line":431,"column":53}}}},"statementMap":{"1":{"start":{"line":1,"column":0},"end":{"line":1,"column":34}},"2":{"start":{"line":2,"column":0},"end":{"line":2,"column":36}},"3":{"start":{"line":3,"column":0},"end":{"line":3,"column":40}},"4":{"start":{"line":4,"column":0},"end":{"line":4,"column":42}},"5":{"start":{"line":6,"column":0},"end":{"line":47,"column":1}},"6":{"start":{"line":7,"column":2},"end":{"line":19,"column":4}},"7":{"start":{"line":21,"column":2},"end":{"line":28,"column":4}},"8":{"start":{"line":30,"column":2},"end":{"line":37,"column":4}},"9":{"start":{"line":40,"column":2},"end":{"line":40,"column":22}},"10":{"start":{"line":42,"column":2},"end":{"line":44,"column":3}},"11":{"start":{"line":43,"column":4},"end":{"line":43,"column":26}},"12":{"start":{"line":46,"column":2},"end":{"line":46,"column":14}},"13":{"start":{"line":49,"column":0},"end":{"line":55,"column":2}},"14":{"start":{"line":50,"column":2},"end":{"line":52,"column":3}},"15":{"start":{"line":51,"column":4},"end":{"line":51,"column":39}},"16":{"start":{"line":54,"column":2},"end":{"line":54,"column":14}},"17":{"start":{"line":57,"column":0},"end":{"line":59,"column":2}},"18":{"start":{"line":58,"column":2},"end":{"line":58,"column":24}},"19":{"start":{"line":61,"column":0},"end":{"line":63,"column":2}},"20":{"start":{"line":62,"column":2},"end":{"line":62,"column":24}},"21":{"start":{"line":65,"column":0},"end":{"line":67,"column":2}},"22":{"start":{"line":66,"column":2},"end":{"line":66,"column":20}},"23":{"start":{"line":73,"column":0},"end":{"line":154,"column":2}},"24":{"start":{"line":74,"column":2},"end":{"line":76,"column":3}},"25":{"start":{"line":75,"column":4},"end":{"line":75,"column":31}},"26":{"start":{"line":79,"column":2},"end":{"line":79,"column":34}},"27":{"start":{"line":82,"column":2},"end":{"line":82,"column":46}},"28":{"start":{"line":84,"column":2},"end":{"line":84,"column":53}},"29":{"start":{"line":85,"column":2},"end":{"line":85,"column":37}},"30":{"start":{"line":86,"column":2},"end":{"line":86,"column":58}},"31":{"start":{"line":88,"column":2},"end":{"line":88,"column":58}},"32":{"start":{"line":90,"column":2},"end":{"line":137,"column":11}},"33":{"start":{"line":92,"column":4},"end":{"line":92,"column":24}},"34":{"start":{"line":94,"column":4},"end":{"line":94,"column":58}},"35":{"start":{"line":95,"column":4},"end":{"line":95,"column":44}},"36":{"start":{"line":96,"column":4},"end":{"line":96,"column":63}},"37":{"start":{"line":97,"column":4},"end":{"line":97,"column":88}},"38":{"start":{"line":98,"column":4},"end":{"line":98,"column":88}},"39":{"start":{"line":99,"column":4},"end":{"line":99,"column":56}},"40":{"start":{"line":100,"column":4},"end":{"line":100,"column":56}},"41":{"start":{"line":102,"column":4},"end":{"line":105,"column":5}},"42":{"start":{"line":103,"column":6},"end":{"line":103,"column":49}},"43":{"start":{"line":104,"column":6},"end":{"line":104,"column":21}},"44":{"start":{"line":107,"column":4},"end":{"line":109,"column":5}},"45":{"start":{"line":108,"column":6},"end":{"line":108,"column":67}},"46":{"start":{"line":112,"column":4},"end":{"line":112,"column":55}},"47":{"start":{"line":113,"column":4},"end":{"line":116,"column":5}},"48":{"start":{"line":114,"column":6},"end":{"line":114,"column":64}},"49":{"start":{"line":115,"column":6},"end":{"line":115,"column":23}},"50":{"start":{"line":118,"column":4},"end":{"line":118,"column":117}},"51":{"start":{"line":120,"column":4},"end":{"line":120,"column":74}},"52":{"start":{"line":121,"column":4},"end":{"line":126,"column":5}},"53":{"start":{"line":122,"column":6},"end":{"line":122,"column":96}},"54":{"start":{"line":123,"column":6},"end":{"line":123,"column":24}},"55":{"start":{"line":124,"column":6},"end":{"line":124,"column":54}},"56":{"start":{"line":125,"column":6},"end":{"line":125,"column":63}},"57":{"start":{"line":128,"column":4},"end":{"line":128,"column":34}},"58":{"start":{"line":129,"column":4},"end":{"line":129,"column":46}},"59":{"start":{"line":130,"column":4},"end":{"line":130,"column":93}},"60":{"start":{"line":131,"column":4},"end":{"line":131,"column":61}},"61":{"start":{"line":132,"column":4},"end":{"line":136,"column":5}},"62":{"start":{"line":133,"column":6},"end":{"line":133,"column":43}},"63":{"start":{"line":134,"column":6},"end":{"line":134,"column":24}},"64":{"start":{"line":135,"column":6},"end":{"line":135,"column":62}},"65":{"start":{"line":140,"column":2},"end":{"line":144,"column":5}},"66":{"start":{"line":141,"column":4},"end":{"line":143,"column":5}},"67":{"start":{"line":142,"column":6},"end":{"line":142,"column":39}},"68":{"start":{"line":146,"column":2},"end":{"line":146,"column":68}},"69":{"start":{"line":146,"column":30},"end":{"line":146,"column":64}},"70":{"start":{"line":149,"column":2},"end":{"line":149,"column":41}},"71":{"start":{"line":150,"column":2},"end":{"line":150,"column":35}},"72":{"start":{"line":151,"column":2},"end":{"line":151,"column":30}},"73":{"start":{"line":153,"column":2},"end":{"line":153,"column":14}},"74":{"start":{"line":156,"column":0},"end":{"line":158,"column":2}},"75":{"start":{"line":157,"column":2},"end":{"line":157,"column":26}},"76":{"start":{"line":160,"column":0},"end":{"line":162,"column":2}},"77":{"start":{"line":161,"column":2},"end":{"line":161,"column":38}},"78":{"start":{"line":164,"column":0},"end":{"line":166,"column":2}},"79":{"start":{"line":165,"column":2},"end":{"line":165,"column":44}},"80":{"start":{"line":168,"column":0},"end":{"line":173,"column":2}},"81":{"start":{"line":169,"column":2},"end":{"line":169,"column":50}},"82":{"start":{"line":170,"column":2},"end":{"line":170,"column":38}},"83":{"start":{"line":172,"column":2},"end":{"line":172,"column":14}},"84":{"start":{"line":176,"column":0},"end":{"line":399,"column":2}},"85":{"start":{"line":177,"column":2},"end":{"line":177,"column":48}},"86":{"start":{"line":180,"column":2},"end":{"line":182,"column":3}},"87":{"start":{"line":181,"column":4},"end":{"line":181,"column":16}},"88":{"start":{"line":184,"column":2},"end":{"line":184,"column":28}},"89":{"start":{"line":187,"column":2},"end":{"line":187,"column":38}},"90":{"start":{"line":190,"column":2},"end":{"line":192,"column":3}},"91":{"start":{"line":191,"column":4},"end":{"line":191,"column":33}},"92":{"start":{"line":194,"column":2},"end":{"line":211,"column":3}},"93":{"start":{"line":195,"column":4},"end":{"line":195,"column":64}},"94":{"start":{"line":197,"column":4},"end":{"line":197,"column":71}},"95":{"start":{"line":200,"column":4},"end":{"line":210,"column":5}},"96":{"start":{"line":201,"column":6},"end":{"line":201,"column":30}},"97":{"start":{"line":202,"column":6},"end":{"line":202,"column":16}},"98":{"start":{"line":205,"column":6},"end":{"line":209,"column":9}},"99":{"start":{"line":206,"column":8},"end":{"line":208,"column":9}},"100":{"start":{"line":207,"column":10},"end":{"line":207,"column":25}},"101":{"start":{"line":213,"column":2},"end":{"line":215,"column":3}},"102":{"start":{"line":214,"column":4},"end":{"line":214,"column":24}},"103":{"start":{"line":217,"column":2},"end":{"line":217,"column":73}},"104":{"start":{"line":219,"column":2},"end":{"line":219,"column":23}},"105":{"start":{"line":220,"column":2},"end":{"line":220,"column":34}},"106":{"start":{"line":222,"column":2},"end":{"line":388,"column":11}},"107":{"start":{"line":223,"column":4},"end":{"line":223,"column":29}},"108":{"start":{"line":224,"column":4},"end":{"line":224,"column":20}},"109":{"start":{"line":225,"column":4},"end":{"line":225,"column":38}},"110":{"start":{"line":226,"column":4},"end":{"line":226,"column":45}},"111":{"start":{"line":227,"column":4},"end":{"line":227,"column":17}},"112":{"start":{"line":230,"column":4},"end":{"line":232,"column":5}},"113":{"start":{"line":231,"column":6},"end":{"line":231,"column":25}},"114":{"start":{"line":234,"column":4},"end":{"line":239,"column":5}},"115":{"start":{"line":235,"column":6},"end":{"line":235,"column":64}},"116":{"start":{"line":237,"column":6},"end":{"line":237,"column":38}},"117":{"start":{"line":238,"column":6},"end":{"line":238,"column":77}},"118":{"start":{"line":241,"column":4},"end":{"line":241,"column":22}},"119":{"start":{"line":243,"column":4},"end":{"line":254,"column":5}},"120":{"start":{"line":245,"column":6},"end":{"line":253,"column":15}},"121":{"start":{"line":246,"column":8},"end":{"line":252,"column":9}},"122":{"start":{"line":247,"column":10},"end":{"line":247,"column":61}},"123":{"start":{"line":248,"column":10},"end":{"line":251,"column":11}},"124":{"start":{"line":249,"column":12},"end":{"line":249,"column":84}},"125":{"start":{"line":250,"column":12},"end":{"line":250,"column":64}},"126":{"start":{"line":256,"column":4},"end":{"line":387,"column":13}},"127":{"start":{"line":257,"column":6},"end":{"line":257,"column":41}},"128":{"start":{"line":258,"column":6},"end":{"line":258,"column":25}},"129":{"start":{"line":259,"column":6},"end":{"line":259,"column":33}},"130":{"start":{"line":262,"column":6},"end":{"line":266,"column":15}},"131":{"start":{"line":263,"column":8},"end":{"line":263,"column":72}},"132":{"start":{"line":264,"column":8},"end":{"line":264,"column":55}},"133":{"start":{"line":265,"column":8},"end":{"line":265,"column":101}},"134":{"start":{"line":269,"column":6},"end":{"line":278,"column":15}},"135":{"start":{"line":270,"column":8},"end":{"line":270,"column":72}},"136":{"start":{"line":271,"column":8},"end":{"line":271,"column":39}},"137":{"start":{"line":274,"column":8},"end":{"line":277,"column":9}},"138":{"start":{"line":275,"column":10},"end":{"line":275,"column":112}},"139":{"start":{"line":276,"column":10},"end":{"line":276,"column":65}},"140":{"start":{"line":280,"column":6},"end":{"line":280,"column":57}},"141":{"start":{"line":281,"column":6},"end":{"line":281,"column":40}},"142":{"start":{"line":284,"column":6},"end":{"line":386,"column":7}},"143":{"start":{"line":286,"column":8},"end":{"line":384,"column":9}},"144":{"start":{"line":287,"column":10},"end":{"line":287,"column":72}},"145":{"start":{"line":288,"column":10},"end":{"line":288,"column":60}},"146":{"start":{"line":291,"column":15},"end":{"line":384,"column":9}},"147":{"start":{"line":292,"column":10},"end":{"line":292,"column":53}},"148":{"start":{"line":294,"column":10},"end":{"line":298,"column":11}},"149":{"start":{"line":295,"column":12},"end":{"line":295,"column":49}},"150":{"start":{"line":297,"column":12},"end":{"line":297,"column":47}},"151":{"start":{"line":299,"column":10},"end":{"line":299,"column":36}},"152":{"start":{"line":304,"column":10},"end":{"line":383,"column":11}},"153":{"start":{"line":306,"column":12},"end":{"line":306,"column":62}},"154":{"start":{"line":307,"column":12},"end":{"line":320,"column":13}},"155":{"start":{"line":309,"column":14},"end":{"line":309,"column":53}},"156":{"start":{"line":310,"column":14},"end":{"line":310,"column":52}},"157":{"start":{"line":313,"column":14},"end":{"line":313,"column":20}},"158":{"start":{"line":314,"column":14},"end":{"line":318,"column":15}},"159":{"start":{"line":315,"column":16},"end":{"line":315,"column":65}},"160":{"start":{"line":317,"column":16},"end":{"line":317,"column":47}},"161":{"start":{"line":319,"column":14},"end":{"line":319,"column":45}},"162":{"start":{"line":323,"column":12},"end":{"line":326,"column":13}},"163":{"start":{"line":324,"column":14},"end":{"line":324,"column":58}},"164":{"start":{"line":325,"column":14},"end":{"line":325,"column":41}},"165":{"start":{"line":327,"column":12},"end":{"line":327,"column":40}},"166":{"start":{"line":332,"column":12},"end":{"line":364,"column":13}},"167":{"start":{"line":334,"column":14},"end":{"line":334,"column":35}},"168":{"start":{"line":335,"column":14},"end":{"line":335,"column":52}},"169":{"start":{"line":336,"column":14},"end":{"line":336,"column":44}},"170":{"start":{"line":337,"column":14},"end":{"line":337,"column":39}},"171":{"start":{"line":339,"column":14},"end":{"line":339,"column":74}},"172":{"start":{"line":340,"column":14},"end":{"line":347,"column":15}},"173":{"start":{"line":341,"column":16},"end":{"line":341,"column":35}},"174":{"start":{"line":342,"column":16},"end":{"line":342,"column":78}},"175":{"start":{"line":343,"column":16},"end":{"line":343,"column":81}},"176":{"start":{"line":346,"column":16},"end":{"line":346,"column":49}},"177":{"start":{"line":346,"column":43},"end":{"line":346,"column":49}},"178":{"start":{"line":348,"column":14},"end":{"line":348,"column":125}},"179":{"start":{"line":351,"column":14},"end":{"line":363,"column":23}},"180":{"start":{"line":352,"column":16},"end":{"line":352,"column":140}},"181":{"start":{"line":354,"column":16},"end":{"line":354,"column":133}},"182":{"start":{"line":356,"column":16},"end":{"line":356,"column":69}},"183":{"start":{"line":357,"column":16},"end":{"line":362,"column":17}},"184":{"start":{"line":359,"column":18},"end":{"line":359,"column":75}},"185":{"start":{"line":361,"column":18},"end":{"line":361,"column":64}},"186":{"start":{"line":366,"column":12},"end":{"line":366,"column":59}},"187":{"start":{"line":368,"column":12},"end":{"line":382,"column":13}},"188":{"start":{"line":370,"column":14},"end":{"line":370,"column":40}},"189":{"start":{"line":371,"column":14},"end":{"line":371,"column":51}},"190":{"start":{"line":372,"column":14},"end":{"line":372,"column":52}},"191":{"start":{"line":376,"column":14},"end":{"line":376,"column":135}},"192":{"start":{"line":377,"column":14},"end":{"line":379,"column":15}},"193":{"start":{"line":378,"column":16},"end":{"line":378,"column":78}},"194":{"start":{"line":380,"column":14},"end":{"line":380,"column":75}},"195":{"start":{"line":381,"column":14},"end":{"line":381,"column":51}},"196":{"start":{"line":390,"column":2},"end":{"line":390,"column":41}},"197":{"start":{"line":391,"column":2},"end":{"line":391,"column":30}},"198":{"start":{"line":394,"column":2},"end":{"line":396,"column":3}},"199":{"start":{"line":395,"column":4},"end":{"line":395,"column":23}},"200":{"start":{"line":398,"column":2},"end":{"line":398,"column":14}},"201":{"start":{"line":407,"column":0},"end":{"line":415,"column":2}},"202":{"start":{"line":408,"column":2},"end":{"line":410,"column":3}},"203":{"start":{"line":409,"column":4},"end":{"line":409,"column":36}},"204":{"start":{"line":412,"column":2},"end":{"line":412,"column":48}},"205":{"start":{"line":414,"column":2},"end":{"line":414,"column":14}},"206":{"start":{"line":417,"column":0},"end":{"line":419,"column":2}},"207":{"start":{"line":418,"column":2},"end":{"line":418,"column":23}},"208":{"start":{"line":421,"column":0},"end":{"line":423,"column":2}},"209":{"start":{"line":422,"column":2},"end":{"line":422,"column":31}},"210":{"start":{"line":425,"column":0},"end":{"line":429,"column":2}},"211":{"start":{"line":426,"column":2},"end":{"line":426,"column":46}},"212":{"start":{"line":428,"column":2},"end":{"line":428,"column":14}},"213":{"start":{"line":431,"column":0},"end":{"line":433,"column":2}},"214":{"start":{"line":432,"column":2},"end":{"line":432,"column":51}},"215":{"start":{"line":435,"column":0},"end":{"line":435,"column":25}}},"branchMap":{"1":{"line":42,"type":"if","locations":[{"start":{"line":42,"column":2},"end":{"line":42,"column":2}},{"start":{"line":42,"column":2},"end":{"line":42,"column":2}}]},"2":{"line":50,"type":"if","locations":[{"start":{"line":50,"column":2},"end":{"line":50,"column":2}},{"start":{"line":50,"column":2},"end":{"line":50,"column":2}}]},"3":{"line":74,"type":"if","locations":[{"start":{"line":74,"column":2},"end":{"line":74,"column":2}},{"start":{"line":74,"column":2},"end":{"line":74,"column":2}}]},"4":{"line":86,"type":"binary-expr","locations":[{"start":{"line":86,"column":43},"end":{"line":86,"column":50}},{"start":{"line":86,"column":54},"end":{"line":86,"column":56}}]},"5":{"line":88,"type":"cond-expr","locations":[{"start":{"line":88,"column":39},"end":{"line":88,"column":46}},{"start":{"line":88,"column":49},"end":{"line":88,"column":57}}]},"6":{"line":94,"type":"cond-expr","locations":[{"start":{"line":94,"column":48},"end":{"line":94,"column":51}},{"start":{"line":94,"column":54},"end":{"line":94,"column":57}}]},"7":{"line":95,"type":"cond-expr","locations":[{"start":{"line":95,"column":32},"end":{"line":95,"column":37}},{"start":{"line":95,"column":40},"end":{"line":95,"column":43}}]},"8":{"line":102,"type":"if","locations":[{"start":{"line":102,"column":4},"end":{"line":102,"column":4}},{"start":{"line":102,"column":4},"end":{"line":102,"column":4}}]},"9":{"line":107,"type":"if","locations":[{"start":{"line":107,"column":4},"end":{"line":107,"column":4}},{"start":{"line":107,"column":4},"end":{"line":107,"column":4}}]},"10":{"line":113,"type":"if","locations":[{"start":{"line":113,"column":4},"end":{"line":113,"column":4}},{"start":{"line":113,"column":4},"end":{"line":113,"column":4}}]},"11":{"line":118,"type":"binary-expr","locations":[{"start":{"line":118,"column":24},"end":{"line":118,"column":34}},{"start":{"line":118,"column":39},"end":{"line":118,"column":66}},{"start":{"line":118,"column":70},"end":{"line":118,"column":115}}]},"12":{"line":120,"type":"binary-expr","locations":[{"start":{"line":120,"column":25},"end":{"line":120,"column":34}},{"start":{"line":120,"column":38},"end":{"line":120,"column":73}}]},"13":{"line":121,"type":"if","locations":[{"start":{"line":121,"column":4},"end":{"line":121,"column":4}},{"start":{"line":121,"column":4},"end":{"line":121,"column":4}}]},"14":{"line":132,"type":"if","locations":[{"start":{"line":132,"column":4},"end":{"line":132,"column":4}},{"start":{"line":132,"column":4},"end":{"line":132,"column":4}}]},"15":{"line":141,"type":"if","locations":[{"start":{"line":141,"column":4},"end":{"line":141,"column":4}},{"start":{"line":141,"column":4},"end":{"line":141,"column":4}}]},"16":{"line":146,"type":"cond-expr","locations":[{"start":{"line":146,"column":57},"end":{"line":146,"column":59}},{"start":{"line":146,"column":62},"end":{"line":146,"column":63}}]},"17":{"line":177,"type":"binary-expr","locations":[{"start":{"line":177,"column":33},"end":{"line":177,"column":40}},{"start":{"line":177,"column":44},"end":{"line":177,"column":46}}]},"18":{"line":180,"type":"if","locations":[{"start":{"line":180,"column":2},"end":{"line":180,"column":2}},{"start":{"line":180,"column":2},"end":{"line":180,"column":2}}]},"19":{"line":180,"type":"binary-expr","locations":[{"start":{"line":180,"column":6},"end":{"line":180,"column":11}},{"start":{"line":180,"column":15},"end":{"line":180,"column":31}},{"start":{"line":180,"column":35},"end":{"line":180,"column":47}}]},"20":{"line":190,"type":"if","locations":[{"start":{"line":190,"column":2},"end":{"line":190,"column":2}},{"start":{"line":190,"column":2},"end":{"line":190,"column":2}}]},"21":{"line":194,"type":"if","locations":[{"start":{"line":194,"column":2},"end":{"line":194,"column":2}},{"start":{"line":194,"column":2},"end":{"line":194,"column":2}}]},"22":{"line":200,"type":"if","locations":[{"start":{"line":200,"column":4},"end":{"line":200,"column":4}},{"start":{"line":200,"column":4},"end":{"line":200,"column":4}}]},"23":{"line":206,"type":"if","locations":[{"start":{"line":206,"column":8},"end":{"line":206,"column":8}},{"start":{"line":206,"column":8},"end":{"line":206,"column":8}}]},"24":{"line":213,"type":"if","locations":[{"start":{"line":213,"column":2},"end":{"line":213,"column":2}},{"start":{"line":213,"column":2},"end":{"line":213,"column":2}}]},"25":{"line":213,"type":"binary-expr","locations":[{"start":{"line":213,"column":6},"end":{"line":213,"column":32}},{"start":{"line":213,"column":36},"end":{"line":213,"column":61}}]},"26":{"line":230,"type":"if","locations":[{"start":{"line":230,"column":4},"end":{"line":230,"column":4}},{"start":{"line":230,"column":4},"end":{"line":230,"column":4}}]},"27":{"line":234,"type":"if","locations":[{"start":{"line":234,"column":4},"end":{"line":234,"column":4}},{"start":{"line":234,"column":4},"end":{"line":234,"column":4}}]},"28":{"line":234,"type":"binary-expr","locations":[{"start":{"line":234,"column":8},"end":{"line":234,"column":36}},{"start":{"line":234,"column":40},"end":{"line":234,"column":62}}]},"29":{"line":243,"type":"if","locations":[{"start":{"line":243,"column":4},"end":{"line":243,"column":4}},{"start":{"line":243,"column":4},"end":{"line":243,"column":4}}]},"30":{"line":246,"type":"if","locations":[{"start":{"line":246,"column":8},"end":{"line":246,"column":8}},{"start":{"line":246,"column":8},"end":{"line":246,"column":8}}]},"31":{"line":248,"type":"if","locations":[{"start":{"line":248,"column":10},"end":{"line":248,"column":10}},{"start":{"line":248,"column":10},"end":{"line":248,"column":10}}]},"32":{"line":263,"type":"cond-expr","locations":[{"start":{"line":263,"column":32},"end":{"line":263,"column":47}},{"start":{"line":263,"column":51},"end":{"line":263,"column":53}}]},"33":{"line":270,"type":"cond-expr","locations":[{"start":{"line":270,"column":32},"end":{"line":270,"column":47}},{"start":{"line":270,"column":51},"end":{"line":270,"column":53}}]},"34":{"line":274,"type":"if","locations":[{"start":{"line":274,"column":8},"end":{"line":274,"column":8}},{"start":{"line":274,"column":8},"end":{"line":274,"column":8}}]},"35":{"line":274,"type":"binary-expr","locations":[{"start":{"line":274,"column":12},"end":{"line":274,"column":29}},{"start":{"line":274,"column":34},"end":{"line":274,"column":48}},{"start":{"line":274,"column":52},"end":{"line":274,"column":71}}]},"36":{"line":284,"type":"if","locations":[{"start":{"line":284,"column":6},"end":{"line":284,"column":6}},{"start":{"line":284,"column":6},"end":{"line":284,"column":6}}]},"37":{"line":284,"type":"binary-expr","locations":[{"start":{"line":284,"column":10},"end":{"line":284,"column":27}},{"start":{"line":284,"column":31},"end":{"line":284,"column":60}}]},"38":{"line":286,"type":"if","locations":[{"start":{"line":286,"column":8},"end":{"line":286,"column":8}},{"start":{"line":286,"column":8},"end":{"line":286,"column":8}}]},"39":{"line":286,"type":"binary-expr","locations":[{"start":{"line":286,"column":12},"end":{"line":286,"column":38}},{"start":{"line":286,"column":42},"end":{"line":286,"column":58}}]},"40":{"line":291,"type":"if","locations":[{"start":{"line":291,"column":15},"end":{"line":291,"column":15}},{"start":{"line":291,"column":15},"end":{"line":291,"column":15}}]},"41":{"line":291,"type":"binary-expr","locations":[{"start":{"line":291,"column":19},"end":{"line":291,"column":36}},{"start":{"line":291,"column":40},"end":{"line":291,"column":70}}]},"42":{"line":294,"type":"if","locations":[{"start":{"line":294,"column":10},"end":{"line":294,"column":10}},{"start":{"line":294,"column":10},"end":{"line":294,"column":10}}]},"43":{"line":304,"type":"if","locations":[{"start":{"line":304,"column":10},"end":{"line":304,"column":10}},{"start":{"line":304,"column":10},"end":{"line":304,"column":10}}]},"44":{"line":307,"type":"if","locations":[{"start":{"line":307,"column":12},"end":{"line":307,"column":12}},{"start":{"line":307,"column":12},"end":{"line":307,"column":12}}]},"45":{"line":314,"type":"if","locations":[{"start":{"line":314,"column":14},"end":{"line":314,"column":14}},{"start":{"line":314,"column":14},"end":{"line":314,"column":14}}]},"46":{"line":319,"type":"binary-expr","locations":[{"start":{"line":319,"column":34},"end":{"line":319,"column":35}},{"start":{"line":319,"column":39},"end":{"line":319,"column":44}}]},"47":{"line":323,"type":"if","locations":[{"start":{"line":323,"column":12},"end":{"line":323,"column":12}},{"start":{"line":323,"column":12},"end":{"line":323,"column":12}}]},"48":{"line":323,"type":"binary-expr","locations":[{"start":{"line":323,"column":16},"end":{"line":323,"column":29}},{"start":{"line":323,"column":33},"end":{"line":323,"column":51}}]},"49":{"line":332,"type":"if","locations":[{"start":{"line":332,"column":12},"end":{"line":332,"column":12}},{"start":{"line":332,"column":12},"end":{"line":332,"column":12}}]},"50":{"line":346,"type":"if","locations":[{"start":{"line":346,"column":16},"end":{"line":346,"column":16}},{"start":{"line":346,"column":16},"end":{"line":346,"column":16}}]},"51":{"line":352,"type":"binary-expr","locations":[{"start":{"line":352,"column":37},"end":{"line":352,"column":78}},{"start":{"line":352,"column":83},"end":{"line":352,"column":107}},{"start":{"line":352,"column":113},"end":{"line":352,"column":138}}]},"52":{"line":354,"type":"
[...]
.split.slice(0,attr.split.length-1).join(opt.input.delimiter);","    attr.parent     = attr.split.slice(0,attr.split.length-2).join(opt.input.delimiter).replace(/^[\\*\\-\\+]|[\\*\\-\\+]$/g,'');","    attr.node       = attr.split[attr.split.length - 2];","    attr.attr       = attr.split[attr.split.length - 1];","","    if (attr.attr.match(/\\*/gi)) {","      attr.attr = attr.attr.replace(/[\\*]/gi,'');","      attr.pk = true;","    }","","    if (attr.pk) {","      this.log('primary key detected in node \"' + attr.attr + '\"');","    }","","    // set up node reference","    var node = _.findWhere(nodes, { path: attr.path });","    if (!node) {","      node = { path: attr.path, attributes: [], blueprint: [] };","      nodes.push(node);","    }","","    node.isCollection = !attr.node || (opt.input.detectCollections && inflection.pluralize(attr.node) === attr.node);","","    var collectionFlag = attr.node && attr.node.match(/^[\\-\\+]|[\\-\\+]$/g);","    if (collectionFlag) {","      this.log('collection flag \"' + collectionFlag + '\" detected in node \"' + attr.node + '\"');","      node.flags = true;","      node.isCollection = attr.node.match(/^\\+|\\+$/g);","      attr.node = attr.node.replace(/^[\\*\\-\\+]|[\\*\\-\\+]$/g,''); // clean node","    }","","    node.name         = attr.node;","    node.depth        = attr.split.length - 1;","    node.parent       = _.initial(attr.split, 2).join(opt.input.delimiter);","    node.attributes.push({ name: attr.attr, key: attr.key });","    if (attr.pk) {","      this.log('adding node to blueprint');","      node.flags = true;","      node.blueprint.push({ name: attr.attr, key: attr.key });","    }","  }, this);","","  // backfill blueprint when not specifically defined","  _.each(nodes, function(node) {","    if (!node.blueprint.length) {","      node.blueprint = node.attributes;","    }","  });","","  nodes.sort(function(a, b) { return a.depth < b.depth ? -1 : 1; });","","  // end timer and add time","  var t2 = ((new Date()).getTime() - t1);","  this.stats.time.signatures += t2;","  this.stats.time.total += t2;","","  return this;","};","","Treeize.prototype.getSignature = function() {","  return this.signature();","};","","Treeize.prototype.setSignature = function(row, options) {","  return this.signature(row, options);","};","","Treeize.prototype.setSignatureAuto = function(row, options) {","  return this.signature(row, options, true);","};","","Treeize.prototype.clearSignature = function() {","  this.data.signature = { nodes: [], type: null };","  this.data.signature.isFixed = false;","","  return this;","};","","","Treeize.prototype.grow = function(data, options) {","  var opt = merge(this._options, options || {});","","  // chain past if no data to grow","  if (!data || !_.isArray(data) || !data.length) {","    return this;","  }","","  this.log('OPTIONS>', opt);","","  // locate existing signature (when sharing signatures between data sources)","  var signature = this.getSignature();","","  // set data uniformity (locally) to true to avoid signature fetching on data rows","  if (_.isArray(data[0])) {","    opt.input.uniformRows = true;","  }","","  if (!signature.nodes.length) {","    this.log('setting signature from first row of data (auto)');","    // set signature from first row","    signature = this.setSignatureAuto(data[0], options).getSignature();","","    // remove header row in flat array data (avoids processing headers as actual values)","    if (_.isArray(data[0])) {","      var originalData = data;","      data = [];","","      // copy data without original signature row before processing","      _.each(originalData, function(row, index) {","        if (index > 0) {","          data.push(row);","        }","      });","    }","  }","","  if (opt.output.resultsAsObject && _.isArray(this.data.tree)) {","    this.data.tree = {};","  }","","  this.log('SIGNATURE>', util.inspect(this.getSignature(), false, null));","","  this.stats.sources++;","  var t1 = (new Date()).getTime();","","  _.each(data, function(row) {","    var trails = {}; // LUT for trails (find parent of new node in trails path)","    var trail = root = this.data.tree; // OPTIMIZATION: do we need to reset this trail for each row?","    this.log('CURRENT TRAIL STATUS>', trail);","    var t = null;","","    // set initial root object path for non-array datasets","    if (opt.output.resultsAsObject) {","      trails[''] = trail;","    }","","    if (!this.data.signature.isFixed && !opt.input.uniformRows) {","      this.log('setting signature from new row of data (auto)');","      // get signature from each row","      this.setSignatureAuto(row, opt);","      this.log('SIGNATURE>', util.inspect(this.getSignature(), false, null));","    }","","    this.stats.rows++;","","    if (_.where(this.signature().nodes, { flags: true }).length) {","      // flags detected within signature, clean attributes of row","      _.each(row, function(value, key) {","        if (typeof key === 'string') {","          var clean = key.replace(/^[\\*\\-\\+]|[\\*\\-\\+]$/g,'');","          if (clean !== key) {","            this.log('cleaning key \"' + key + '\" and embedding as \"' + clean + '\"');","            row[key.replace(/^[\\*\\-\\+]|[\\*\\-\\+]$/g,'')] = value; // simply embed value at clean path (if not already)","          }","        }","      }, this);","    }","","    _.each(this.signature().nodes, function(node) {","      this.log('PROCESSING NODE>', node);","      var blueprint = {};","      var blueprintExtended = {};","","      // create blueprint for locating existing nodes","      _.each(node.blueprint, function(attribute) {","        var key = (node.path ? (node.path + ':') : '') + attribute.name;","        blueprint[attribute.name] = row[attribute.key];","        this.log('creating attribute \"' + attribute.name + '\" within blueprint', row[attribute.key]);","      }, this);","","      // create full node signature for insertion/updating","      _.each(node.attributes, function(attribute) {","        var key = (node.path ? (node.path + ':') : '') + attribute.name;","        var value = row[attribute.key];","","        // insert extended blueprint attributes when not empty (or not pruning)","        if (!opt.output.prune || (value !== null && value !== undefined)) {","          this.log('creating attribute \"' + attribute.name + '\" within extended blueprint', row[attribute.key]);","          blueprintExtended[attribute.name] = row[attribute.key];","        }","      }, this);","","      this.log('EXTENDED BLUEPRINT>', blueprintExtended);","      this.log('BLUEPRINT>', blueprint);","","      // ONLY INSERT IF NOT PRUNED","      if (!opt.output.prune || !_.isEmpty(blueprintExtended)) {","        // IF 0 DEPTH AND RESULTSASOBJECT, EXTEND ROOT","        if (opt.output.resultsAsObject && node.depth === 0) {","          _.extend(trails[node.path] = trail = root, blueprintExtended);","          this.log('extending blueprint onto root>', trail);","","        // IF ROOT TRAIL IS NOT YET MAPPED","        } else if (node.isCollection && !(trail = trails[node.parent])) {","          this.log('PARENT TRAIL NOT FOUND (ROOT?)');","          // set up target node if doesn't exist","          if (!(trail = _.findWhere(root, blueprint))) {","            root.push(trail = blueprintExtended);","          } else {","            _.extend(trail, blueprintExtended);","          }","          trails[node.path] = trail;","","        // NORMAL NODE TRAVERSAL","        } else {","          // NOT ROOT CASE","          if (node.isCollection) {","            // handle collection nodes","            this.log('inserting into collection node', trail);","            if (!trail[node.name]) {","              // node attribute doesnt exist, create array with fresh blueprint","              trail[node.name] = [blueprintExtended];","              trails[node.path] = blueprintExtended;","            } else {","              // node attribute exists, find or inject blueprint","              var t;","              if (!(t = _.findWhere(trail[node.name], blueprint))) {","                trail[node.name].push(trail = blueprintExtended);","              } else {","                _.extend(t, blueprintExtended);","              }","              trails[node.path] = t || trail;","            }","          } else {","            // handle non-collection nodes","            if (trail == root && node.parent === '') {","              root.push(trails[node.parent] = trail = {});","              this.log('root insertion');","            }","            trail = trails[node.parent];","","            // ON DEEP NODES, THE PARENT WILL BE TOO LONG AND FAIL ON THE NEXT IF STATEMENT BELOW","            // ASSUMPTION: in deep nodes, no signatures will be present, so entries will simply be pushed onto collections defined within","","            if (!trail) { // do something to fix a broken trail (usually from too deep?)","              // backtrack from parent trail segments until trail found, then create creadcrumbs","              var breadcrumbs = [];","              var segments = node.parent.split(':');","              var pathAttempt = node.parent;","              var segmentsStripped = 0;","","              this.log('path MISSING for location \"' + pathAttempt + '\"');","              while (!(trail = trails[pathAttempt])) {","                segmentsStripped++;","                pathAttempt = _.initial(segments, segmentsStripped).join(':');","                this.log('..attempting path location for \"' + pathAttempt + '\"');","","                //infinite loop kickout","                if (segmentsStripped > 5) break;","              }","              this.log('path FOUND for location for \"' + pathAttempt + '\" after removing ' + segmentsStripped + ' segments');","","              // create stored nodes if they don't exist.","              _.each(_.rest(segments, segments.length - segmentsStripped), function(segment) {","                var isCollection = ((inflection.pluralize(segment) === segment) || segment.match(/^\\+|\\+$/)) && (!segment.match(/^\\-|\\-$/));","                // TODO: add modifier detection","                this.log('creating or trailing path segment ' + (isCollection ? '[collection]' : '{object}') + ' \"' + segment + '\"');","","                segment = segment.replace(/^[\\*\\-\\+]|[\\*\\-\\+]$/g,'');","                if (isCollection) {","                  // retrieve or set collection segment and push new trail onto it","                  (trail[segment] = trail[segment] || []).push(trail = {});","                } else {","                  trail = trail[segment] = trail[segment] || {};","                }","              }, this);","            }","","            this.log('inserting into non-collection node');","            //if (!trail[node.name]) { // TODO: CONSIDER: add typeof check to this for possible overwriting","            if (!trail[node.name] || (opt.output.objectOverwrite && (typeof trail[node.name] !== typeof blueprintExtended))) {","              // node attribute doesnt exist, create object","              this.log('create object');","              trail[node.name] = blueprintExtended;","              trails[node.path] = blueprintExtended;","            } else {","              // node attribute exists, set path for next pass","              // TODO: extend trail??","              this.log('object at node \"' + node.name + '\" exists as \"' + trail[node.name] + '\", skipping insertion and adding trail');","              if (_.isObject(trail[node.name])) {","                trail[node.name] = merge(trail[node.name], blueprintExtended);","              }","              this.log('trail[node.name] updated to \"' + trail[node.name]);","              trails[node.path] = trail[node.path];","            }","          }","        }","        // END PRUNE PASS","      }","    }, this);","  }, this);","","  var t2 = ((new Date()).getTime() - t1);","  this.stats.time.total += t2;","","  // clear signature between growth sets - TODO: consider leaving this wipe pass off if processing multiple identical sources (add)","  if (!signature.isFixed) {","    this.signature([]);","  }","","  return this;","};","","/*","  .[get|set]options (options)","","  Get and sets global options."," */","","Treeize.prototype.options = function(options) {","  if (!options) {","    return merge({}, this._options);","  }","","  this._options = merge(this._options, options);","","  return this;","};","","Treeize.prototype.getOptions = function() {","  return this._options;","};","","Treeize.prototype.setOptions = function(options) {","  return this.options(options);","};","","Treeize.prototype.resetOptions = function() {","  this._options = merge({}, this.baseOptions);","","  return this;","};","","Treeize.prototype.toString = function treeToString() {","  return util.inspect(this.data.tree, false, null);","};","","module.exports = Treeize;",""],"l":{"1":1,"2":1,"3":1,"4":1,"6":1,"7":0,"21":0,"30":0,"40":0,"42":0,"43":0,"46":0,"49":1,"50":0,"51":0,"54":0,"57":1,"58":0,"61":1,"62":0,"69":1,"70":0,"71":0,"75":0,"78":0,"80":0,"81":0,"82":0,"84":0,"86":0,"88":0,"90":0,"91":0,"92":0,"93":0,"94":0,"95":0,"96":0,"98":0,"99":0,"100":0,"103":0,"104":0,"108":0,"109":0,"110":0,"111":0,"114":0,"116":0,"117":0,"118":0,"119":0,"120":0,"121":0,"124":0,"125":0,"126":0,"127":0,"128":0,"129":0,"130":0,"131":0,"136":0,"137":0,"138":0,"142":0,"145":0,"146":0,"147":0,"149":0,"152":1,"153":0,"156":1,"157":0,"160":1,"161":0,"164":1,"165":0,"166":0,"168":0,"172":1,"173":0,"176":0,"177":0,"180":0,"183":0,"186":0,"187":0,"190":0,"191":0,"193":0,"196":0,"197":0,"198":0,"201":0,"202":0,"203":0,"209":0,"210":0,"213":0,"215":0,"216":0,"218":0,"219":0,"220":0,"221":0,"222":0,"225":0,"226":0,"229":0,"230":0,"232":0,"233":0,"236":0,"238":0,"240":0,"241":0,"242":0,"243":0,"244":0,"245":0,"251":0,"252":0,"253":0,"254":0,"257":0,"258":0,"259":0,"260":0,"264":0,"265":0,"266":0,"269":0,"270":0,"271":0,"275":0,"276":0,"279":0,"281":0,"282":0,"283":0,"286":0,"287":0,"289":0,"290":0,"292":0,"294":0,"299":0,"301":0,"302":0,"304":0,"305":0,"308":0,"309":0,"310":0,"312":0,"314":0,"318":0,"319":0,"320":0,"322":0,"327":0,"329":0,"330":0,"331":0,"332":0,"334":0,"335":0,"336":0,"337":0,"338":0,"341":0,"343":0,"346":0,"347":0,"349":0,"351":0,"352":0,"354":0,"356":0,"361":0,"363":0,"365":0,"366":0,"367":0,"371":0,"372":0,"373":0,"375":0,"376":0,"385":0,"386":0,"389":0,"390":0,"393":0,"402":1,"403":0,"404":0,"407":0,"409":0,"412":1,"413":0,"416":1,"417":0,"420":1,"421":0,"423":0,"426":1,"427":0,"430":1}},"/home/travis/build/npmtest/node-npmtest-treeize/node_modules/treeize/sandbox/demo.js":{"path":"/home/travis/build/npmtest/node-npmtest-treeize/node_modules/treeize/sandbox/demo.js","s":{"1":2,"2":2,"3":2,"4":0,"5":0,"6":0,"7":0,"8":0,"9":0,"10":0,"11":0,"12":0,"13":0,"14":0,"15":0,"16":0,"17":0},"b":{},"f":{},"fnMap":{},"statementMap":{"1":{"start":{"line":1,"column":0},"end":{"line":1,"column":38}},"2":{"start":{"line":2,"column":0},"end":{"line":2,"column":48}},"3":{"start":{"line":4,"column":0},"end":{"line":4,"column":56}},"4":{"start":{"line":5,"column":0},"end":{"line":5,"column":56}},"5":{"start":{"line":6,"column":0},"end":{"line":6,"column":60}},"6":{"start":{"line":7,"column":0},"end":{"line":7,"column":52}},"7":{"start":{"line":9,"column":0},"end":{"line":9,"column":40}},"8":{"start":{"line":11,"column":0},"end":{"line":11,"column":27}},"9":{"start":{"line":19,"column":4},"end":{"line":24,"column":5}},"10":{"start":{"line":28,"column":0},"end":{"line":56,"column":2}},"11":{"start":{"line":58,"column":0},"end":{"line":64,"column":2}},"12":{"start":{"line":86,"column":0},"end":{"line":86,"column":14}},"13":{"start":{"line":88,"column":0},"end":{"line":91,"column":2}},"14":{"start":{"line":116,"column":0},"end":{"line":116,"column":25}},"15":{"start":{"line":118,"column":0},"end":{"line":118,"column":20}},"16":{"start":{"line":140,"column":0},"end":{"line":140,"column":32}},"17":{"start":{"line":141,"column":0},"end":{"line":141,"column":69}}},"branchMap":{},"code":["var util            = require('util');","var Treeize         = require('../lib/treeize');","","var welldata1       = require('../test/data/welldata1');","var welldata2       = require('../test/data/welldata2');","var arraywelldata   = require('../test/data/arraywelldata');","var classdata   = require('../test/data/classdata');","// var CSV             = require('a-csv');","var _               = require('lodash');","","var fields = new Treeize();","// fields","//       .setOptions({ input: { uniformRows: false } })","//       .grow(welldata1)","//       .grow(welldata2)","//       .grow(arraywelldata)","//     ;","","    fields","      .setOptions({ input: { uniformRows: false } })","      .grow(welldata1)","      .grow(welldata2)","      .grow(arraywelldata)","    ;","","// test node dependency","","var testData = [","  {","    'name': 'John Doe',","    'age': 34,","    'pets:name': 'Rex',","    'pets:type': 'dog',","    'pets:toys:type': 'bone'","  },","  {","    'name': 'John Doe',","    'age': 34,","    'pets:name': 'Rex',","    'pets:type': 'dog',","    'pets:toys:type': 'ball'","  },","  {","    'name': 'Mary Jane',","    'age': 19,","    'pets:name': 'Mittens',","    'pets:type': 'cat',","    'pets:toys:type': 'yarn'","  },","  {","    'name': 'Mary Jane',","    'age': 19,","    'pets:name': 'Fluffy',","    'pets:type': 'cat',","  }","];","","testData = [","  ['name', 'age', 'pets:name', 'pets:type', 'pets:toys:type'],","  ['John Doe', 34, 'Rex', 'dog', 'bone'],","  ['John Doe', 34, 'Rex', 'dog', 'ball'],","  ['Mary Jane', 19, 'Mittens', 'cat', 'yarn'],","  ['Mary Jane', 19, 'Fluffy', 'cat', null]","];","","// var test4 = new Treeize();","// test4","//   .setOptions({ log: true, input: { uniformRows: false } })","//   .grow(testNodeDependency)","// ;","","// var keywords = new Treeize();","// keywords.grow(keywordsTest);","","// console.log('BASE>', test4 + '');","// console.log('STATS>', util.inspect(test4.stats, false, null), \"\\n\\n\");","","// parseXlsx('injection.xlsx', function(err, data) {","//     console.log('err', err);","//     if(err) throw err;","//     console.log('data read successfully');","//     // data is an array of arrays","// });","","","var data = [];","","var options = {","  delimiter: \"|\",","  charset: \"win1250\"","};","","// CSV.parse(__dirname + '/test/data/mooc2.csv', options, function (err, row, next) {","//   if (err) {","//     return console.log(err);","//   }","","//   if (row) {","//     data.push(row);","//     return next();","//   }","","//   if (!row) {","//     var universities = new Treeize();","//     universities","//       // .setOptions({ log: true })","//       .grow(data)","//     ;","","//     console.log('BASE>', universities + '');","//     console.log('STATS>', util.inspect(universities.stats, false, null), \"\\n\\n\");","//   }","// });","","","var tree = new Treeize();","","tree.grow(testData);","","// var tree = new Treeize();","","// tree.setOptions({ log: true }).grow([","//   { 'foo': 'bar', 'logs:id': 'abc', 'logs:a:b': 1 },","//   { 'foo': 'bar', 'logs:id': 'abc', 'logs:a:b': 2 },","//   { 'foo': 'baz', 'logs:id': 'abc', 'logs:a:b': 3 },","// ]);","","// tree.setOptions({ log: true }).grow([","//   { 'foo': 'bar', 'logs-:a:b:c': 1 },","//   { 'foo': 'bar', 'logs-:a:b:c': 2 },","//   { 'foo': 'baz', 'logs-:a:b:c': 3 },","// ]);","","// tree.setOptions({ log: true }).grow([","//   { 'foo': 'bar', 'logs:a': 1 },","//   { 'foo': 'bar', 'logs:a': 2 },","//   { 'foo': 'baz', 'logs:a': 3 },","// ]);","","console.log('BASE>', tree + '');","console.log('STATS>', util.inspect(tree.stats, false, null), \"\\n\\n\");","","// console.log('KEYWORDS>', keywords + '');","// console.log('STATS>', util.inspect(keywords.stats, false, null));",""],"l":{"1":2,"2":2,"4":2,"5":0,"6":0,"7":0,"9":0,"11":0,"19":0,"28":0,"58":0,"86":0,"88":0,"116":0,"118":0,"140":0,"141":0}}}